#
# There is insufficient memory for the Java Runtime Environment to continue.
# Native memory allocation (malloc) failed to allocate 43536 bytes. Error detail: Chunk::new
# Possible reasons:
#   The system is out of physical RAM or swap space
#   This process is running with CompressedOops enabled, and the Java Heap may be blocking the growth of the native heap
# Possible solutions:
#   Reduce memory load on the system
#   Increase physical memory or swap space
#   Check if swap backing store is full
#   Decrease Java heap size (-Xmx/-Xms)
#
#  Out of Memory Error
#
# 
V  [jvm.dll+0x85df93]
V  [jvm.dll+0x8604ee]
V  [jvm.dll+0x860bd3]
V  [jvm.dll+0x27e6b6]
V  [jvm.dll+0xbff6d]
V  [jvm.dll+0xc04a3]
V  [jvm.dll+0x3b5fc1]
V  [jvm.dll+0x381f97]
V  [jvm.dll+0x38140a]
V  [jvm.dll+0x247c62]
V  [jvm.dll+0x247231]
V  [jvm.dll+0x1c5ee4]
V  [jvm.dll+0x25697c]
V  [jvm.dll+0x254ec6]
V  [jvm.dll+0x3f0ce6]
V  [jvm.dll+0x806368]
V  [jvm.dll+0x6ce3fd]
C  [ucrtbase.dll+0x37b0]
C  [KERNEL32.DLL+0x2e8d7]
C  [ntdll.dll+0xb14fc]


---------------  P R O C E S S  ---------------

Threads class SMR info:
_java_thread_list=0x000002252b4bfde0, length=88, elements={
0x00000225088a7ac0, 0x0000022521864be0, 0x0000022521843d40, 0x0000022521844f10,
0x000002252184a990, 0x000002252184b3e0, 0x000002252184be30, 0x000002252184cbb0,
0x000002252184fc20, 0x000002252194a2d0, 0x0000022526034b10, 0x000002252769ca10,
0x0000022527869af0, 0x0000022527b23ae0, 0x0000022527909b50, 0x0000022527942c10,
0x00000225279352c0, 0x0000022527943270, 0x00000225279468b0, 0x00000225278bfc70,
0x00000225278c0990, 0x00000225278bef50, 0x00000225278be230, 0x00000225278c0300,
0x00000225278bf5e0, 0x00000225278c1020, 0x0000022521bb1390, 0x0000022521bb3af0,
0x0000022521bb2dd0, 0x0000022521bb1a20, 0x0000022521bb4180, 0x0000022521bb2740,
0x000002252a9a6410, 0x000002252a9a56f0, 0x000002252a9a5d80, 0x000002252a9a6aa0,
0x000002252a9a7130, 0x000002252a9a3cb0, 0x000002252a9a77c0, 0x000002252a9a4340,
0x000002252a9a9890, 0x000002252a9a7e50, 0x000002252a9aa5b0, 0x000002252a9aac40,
0x000002252b2fcdc0, 0x000002252b2fee90, 0x000002252bbc9e90, 0x000002252bbc7dc0,
0x000002252bbc8ae0, 0x000002252bbca520, 0x000002252bbc9170, 0x000002252bbc7730,
0x000002252bbc9800, 0x000002252bbcabb0, 0x000002252bbcb240, 0x000002252bbcb8d0,
0x000002252bbcbf60, 0x000002252bbccc80, 0x000002252bbcc5f0, 0x000002252bbcd310,
0x000002252bbcd9a0, 0x000002252bbce030, 0x000002252ab93240, 0x000002252ab91170,
0x000002252ab91e90, 0x000002252ab90ae0, 0x000002252ab959a0, 0x000002252ab92520,
0x000002252ab95310, 0x00000225303676e0, 0x0000022530367050, 0x0000022530365ca0,
0x0000022530367d70, 0x0000022530368400, 0x00000225303697b0, 0x0000022530366330,
0x000002253036b880, 0x0000022530369120, 0x0000022530369e40, 0x000002253036ab60,
0x000002253036bf10, 0x000002253036a4d0, 0x0000022530368a90, 0x000002253036b1f0,
0x000002253036c5a0, 0x000002252bbc8450, 0x000002252bbce6c0, 0x00000225302f0380
}

Java Threads: ( => current thread )
  0x00000225088a7ac0 JavaThread "main"                              [_thread_blocked, id=13600, stack(0x000000df32000000,0x000000df32100000) (1024K)]
  0x0000022521864be0 JavaThread "Reference Handler"          daemon [_thread_blocked, id=13368, stack(0x000000df32800000,0x000000df32900000) (1024K)]
  0x0000022521843d40 JavaThread "Finalizer"                  daemon [_thread_blocked, id=17740, stack(0x000000df32900000,0x000000df32a00000) (1024K)]
  0x0000022521844f10 JavaThread "Signal Dispatcher"          daemon [_thread_blocked, id=11904, stack(0x000000df32a00000,0x000000df32b00000) (1024K)]
  0x000002252184a990 JavaThread "Attach Listener"            daemon [_thread_blocked, id=18812, stack(0x000000df32b00000,0x000000df32c00000) (1024K)]
  0x000002252184b3e0 JavaThread "Service Thread"             daemon [_thread_blocked, id=8656, stack(0x000000df32c00000,0x000000df32d00000) (1024K)]
  0x000002252184be30 JavaThread "Monitor Deflation Thread"   daemon [_thread_blocked, id=15044, stack(0x000000df32d00000,0x000000df32e00000) (1024K)]
=>0x000002252184cbb0 JavaThread "C2 CompilerThread0"         daemon [_thread_in_native, id=16036, stack(0x000000df32e00000,0x000000df32f00000) (1024K)]
  0x000002252184fc20 JavaThread "C1 CompilerThread0"         daemon [_thread_blocked, id=7876, stack(0x000000df32f00000,0x000000df33000000) (1024K)]
  0x000002252194a2d0 JavaThread "Common-Cleaner"             daemon [_thread_blocked, id=18296, stack(0x000000df33000000,0x000000df33100000) (1024K)]
  0x0000022526034b10 JavaThread "Notification Thread"        daemon [_thread_blocked, id=10932, stack(0x000000df33100000,0x000000df33200000) (1024K)]
  0x000002252769ca10 JavaThread "Daemon health stats"               [_thread_blocked, id=18208, stack(0x000000df33500000,0x000000df33600000) (1024K)]
  0x0000022527869af0 JavaThread "Incoming local TCP Connector on port 19755"        [_thread_in_native, id=13420, stack(0x000000df33600000,0x000000df33700000) (1024K)]
  0x0000022527b23ae0 JavaThread "Daemon periodic checks"            [_thread_blocked, id=8384, stack(0x000000df33700000,0x000000df33800000) (1024K)]
  0x0000022527909b50 JavaThread "Daemon"                            [_thread_blocked, id=3580, stack(0x000000df33800000,0x000000df33900000) (1024K)]
  0x0000022527942c10 JavaThread "Handler for socket connection from /127.0.0.1:19755 to /127.0.0.1:19756"        [_thread_in_native, id=9716, stack(0x000000df33900000,0x000000df33a00000) (1024K)]
  0x00000225279352c0 JavaThread "Cancel handler"                    [_thread_blocked, id=8112, stack(0x000000df33a00000,0x000000df33b00000) (1024K)]
  0x0000022527943270 JavaThread "Daemon worker"                     [_thread_blocked, id=6704, stack(0x000000df33b00000,0x000000df33c00000) (1024K)]
  0x00000225279468b0 JavaThread "Asynchronous log dispatcher for DefaultDaemonConnection: socket connection from /127.0.0.1:19755 to /127.0.0.1:19756"        [_thread_in_vm, id=14492, stack(0x000000df33c00000,0x000000df33d00000) (1024K)]
  0x00000225278bfc70 JavaThread "Stdin handler"                     [_thread_blocked, id=18044, stack(0x000000df33d00000,0x000000df33e00000) (1024K)]
  0x00000225278c0990 JavaThread "Daemon client event forwarder"        [_thread_blocked, id=4856, stack(0x000000df33e00000,0x000000df33f00000) (1024K)]
  0x00000225278bef50 JavaThread "Cache worker for journal cache (C:\Users\jaysh\.gradle\caches\journal-1)"        [_thread_blocked, id=11920, stack(0x000000df33f00000,0x000000df34000000) (1024K)]
  0x00000225278be230 JavaThread "File lock request listener"        [_thread_in_native, id=68, stack(0x000000df34000000,0x000000df34100000) (1024K)]
  0x00000225278c0300 JavaThread "Cache worker for file hash cache (C:\Users\jaysh\.gradle\caches\8.10.2\fileHashes)"        [_thread_blocked, id=15740, stack(0x000000df34100000,0x000000df34200000) (1024K)]
  0x00000225278bf5e0 JavaThread "Cache worker for file hash cache (C:\Users\jaysh\Desktop\IOweYou\.gradle\8.10.2\fileHashes)"        [_thread_blocked, id=10280, stack(0x000000df34300000,0x000000df34400000) (1024K)]
  0x00000225278c1020 JavaThread "Cache worker for Build Output Cleanup Cache (C:\Users\jaysh\Desktop\IOweYou\.gradle\buildOutputCleanup)"        [_thread_blocked, id=18388, stack(0x000000df34400000,0x000000df34500000) (1024K)]
  0x0000022521bb1390 JavaThread "Cache worker for checksums cache (C:\Users\jaysh\Desktop\IOweYou\.gradle\8.10.2\checksums)"        [_thread_blocked, id=17152, stack(0x000000df34700000,0x000000df34800000) (1024K)]
  0x0000022521bb3af0 JavaThread "Cache worker for file content cache (C:\Users\jaysh\.gradle\caches\8.10.2\fileContent)"        [_thread_blocked, id=15152, stack(0x000000df34800000,0x000000df34900000) (1024K)]
  0x0000022521bb2dd0 JavaThread "Cache worker for cache directory md-rule (C:\Users\jaysh\.gradle\caches\8.10.2\md-rule)"        [_thread_blocked, id=16984, stack(0x000000df34900000,0x000000df34a00000) (1024K)]
  0x0000022521bb1a20 JavaThread "Cache worker for cache directory md-supplier (C:\Users\jaysh\.gradle\caches\8.10.2\md-supplier)"        [_thread_blocked, id=10360, stack(0x000000df34a00000,0x000000df34b00000) (1024K)]
  0x0000022521bb4180 JavaThread "jar transforms"                    [_thread_blocked, id=15960, stack(0x000000df34b00000,0x000000df34c00000) (1024K)]
  0x0000022521bb2740 JavaThread "jar transforms Thread 2"           [_thread_blocked, id=15912, stack(0x000000df34200000,0x000000df34300000) (1024K)]
  0x000002252a9a6410 JavaThread "jar transforms Thread 3"           [_thread_blocked, id=2056, stack(0x000000df34d00000,0x000000df34e00000) (1024K)]
  0x000002252a9a56f0 JavaThread "Unconstrained build operations"        [_thread_blocked, id=3360, stack(0x000000df34e00000,0x000000df34f00000) (1024K)]
  0x000002252a9a5d80 JavaThread "Unconstrained build operations Thread 2"        [_thread_blocked, id=8932, stack(0x000000df34f00000,0x000000df35000000) (1024K)]
  0x000002252a9a6aa0 JavaThread "Unconstrained build operations Thread 3"        [_thread_blocked, id=15544, stack(0x000000df35000000,0x000000df35100000) (1024K)]
  0x000002252a9a7130 JavaThread "Unconstrained build operations Thread 4"        [_thread_blocked, id=2324, stack(0x000000df35100000,0x000000df35200000) (1024K)]
  0x000002252a9a3cb0 JavaThread "Unconstrained build operations Thread 5"        [_thread_blocked, id=1772, stack(0x000000df35200000,0x000000df35300000) (1024K)]
  0x000002252a9a77c0 JavaThread "Unconstrained build operations Thread 6"        [_thread_blocked, id=15000, stack(0x000000df35300000,0x000000df35400000) (1024K)]
  0x000002252a9a4340 JavaThread "Unconstrained build operations Thread 7"        [_thread_blocked, id=1852, stack(0x000000df35400000,0x000000df35500000) (1024K)]
  0x000002252a9a9890 JavaThread "Unconstrained build operations Thread 8"        [_thread_blocked, id=16784, stack(0x000000df35500000,0x000000df35600000) (1024K)]
  0x000002252a9a7e50 JavaThread "Unconstrained build operations Thread 9"        [_thread_blocked, id=16692, stack(0x000000df35600000,0x000000df35700000) (1024K)]
  0x000002252a9aa5b0 JavaThread "jar transforms Thread 4"           [_thread_blocked, id=13840, stack(0x000000df35700000,0x000000df35800000) (1024K)]
  0x000002252a9aac40 JavaThread "build event listener"              [_thread_blocked, id=13112, stack(0x000000df34c00000,0x000000df34d00000) (1024K)]
  0x000002252b2fcdc0 JavaThread "Memory manager"                    [_thread_blocked, id=12224, stack(0x000000df35800000,0x000000df35900000) (1024K)]
  0x000002252b2fee90 JavaThread "included builds"                   [_thread_blocked, id=5036, stack(0x000000df35900000,0x000000df35a00000) (1024K)]
  0x000002252bbc9e90 JavaThread "Execution worker"                  [_thread_blocked, id=16444, stack(0x000000df35a00000,0x000000df35b00000) (1024K)]
  0x000002252bbc7dc0 JavaThread "Execution worker Thread 2"         [_thread_blocked, id=2644, stack(0x000000df35b00000,0x000000df35c00000) (1024K)]
  0x000002252bbc8ae0 JavaThread "Execution worker Thread 3"         [_thread_blocked, id=8964, stack(0x000000df35c00000,0x000000df35d00000) (1024K)]
  0x000002252bbca520 JavaThread "Cache worker for execution history cache (C:\Users\jaysh\Desktop\IOweYou\.gradle\8.10.2\executionHistory)"        [_thread_blocked, id=11272, stack(0x000000df35d00000,0x000000df35e00000) (1024K)]
  0x000002252bbc9170 JavaThread "Unconstrained build operations Thread 10"        [_thread_blocked, id=19060, stack(0x000000df35e00000,0x000000df35f00000) (1024K)]
  0x000002252bbc7730 JavaThread "Unconstrained build operations Thread 11"        [_thread_blocked, id=15760, stack(0x000000df35f00000,0x000000df36000000) (1024K)]
  0x000002252bbc9800 JavaThread "Unconstrained build operations Thread 12"        [_thread_blocked, id=14964, stack(0x000000df36000000,0x000000df36100000) (1024K)]
  0x000002252bbcabb0 JavaThread "Unconstrained build operations Thread 13"        [_thread_blocked, id=8104, stack(0x000000df36100000,0x000000df36200000) (1024K)]
  0x000002252bbcb240 JavaThread "Unconstrained build operations Thread 14"        [_thread_blocked, id=10460, stack(0x000000df36200000,0x000000df36300000) (1024K)]
  0x000002252bbcb8d0 JavaThread "Unconstrained build operations Thread 15"        [_thread_blocked, id=15096, stack(0x000000df36300000,0x000000df36400000) (1024K)]
  0x000002252bbcbf60 JavaThread "WorkerExecutor Queue"              [_thread_blocked, id=4820, stack(0x000000df36500000,0x000000df36600000) (1024K)]
  0x000002252bbccc80 JavaThread "WorkerExecutor Queue Thread 2"        [_thread_blocked, id=12616, stack(0x000000df36600000,0x000000df36700000) (1024K)]
  0x000002252bbcc5f0 JavaThread "WorkerExecutor Queue Thread 3"        [_thread_blocked, id=4996, stack(0x000000df36700000,0x000000df36800000) (1024K)]
  0x000002252bbcd310 JavaThread "WorkerExecutor Queue Thread 4"        [_thread_blocked, id=5444, stack(0x000000df36800000,0x000000df36900000) (1024K)]
  0x000002252bbcd9a0 JavaThread "Unconstrained build operations Thread 16"        [_thread_blocked, id=15820, stack(0x000000df36400000,0x000000df36500000) (1024K)]
  0x000002252bbce030 JavaThread "Unconstrained build operations Thread 17"        [_thread_blocked, id=8828, stack(0x000000df36900000,0x000000df36a00000) (1024K)]
  0x000002252ab93240 JavaThread "Unconstrained build operations Thread 18"        [_thread_blocked, id=13504, stack(0x000000df36a00000,0x000000df36b00000) (1024K)]
  0x000002252ab91170 JavaThread "Unconstrained build operations Thread 19"        [_thread_blocked, id=10752, stack(0x000000df36b00000,0x000000df36c00000) (1024K)]
  0x000002252ab91e90 JavaThread "Unconstrained build operations Thread 20"        [_thread_blocked, id=15272, stack(0x000000df36c00000,0x000000df36d00000) (1024K)]
  0x000002252ab90ae0 JavaThread "Unconstrained build operations Thread 21"        [_thread_blocked, id=7380, stack(0x000000df36d00000,0x000000df36e00000) (1024K)]
  0x000002252ab959a0 JavaThread "Unconstrained build operations Thread 22"        [_thread_blocked, id=6988, stack(0x000000df36f00000,0x000000df37000000) (1024K)]
  0x000002252ab92520 JavaThread "Unconstrained build operations Thread 23"        [_thread_blocked, id=2520, stack(0x000000df37000000,0x000000df37100000) (1024K)]
  0x000002252ab95310 JavaThread "Unconstrained build operations Thread 24"        [_thread_blocked, id=17528, stack(0x000000df37100000,0x000000df37200000) (1024K)]
  0x00000225303676e0 JavaThread "Unconstrained build operations Thread 25"        [_thread_blocked, id=14900, stack(0x000000df36e00000,0x000000df36f00000) (1024K)]
  0x0000022530367050 JavaThread "Unconstrained build operations Thread 26"        [_thread_blocked, id=12000, stack(0x000000df37200000,0x000000df37300000) (1024K)]
  0x0000022530365ca0 JavaThread "Unconstrained build operations Thread 27"        [_thread_blocked, id=18352, stack(0x000000df37300000,0x000000df37400000) (1024K)]
  0x0000022530367d70 JavaThread "Unconstrained build operations Thread 28"        [_thread_blocked, id=18268, stack(0x000000df37400000,0x000000df37500000) (1024K)]
  0x0000022530368400 JavaThread "Unconstrained build operations Thread 29"        [_thread_blocked, id=19084, stack(0x000000df37500000,0x000000df37600000) (1024K)]
  0x00000225303697b0 JavaThread "Unconstrained build operations Thread 30"        [_thread_blocked, id=11916, stack(0x000000df37600000,0x000000df37700000) (1024K)]
  0x0000022530366330 JavaThread "Unconstrained build operations Thread 31"        [_thread_blocked, id=17020, stack(0x000000df37800000,0x000000df37900000) (1024K)]
  0x000002253036b880 JavaThread "Unconstrained build operations Thread 32"        [_thread_blocked, id=15108, stack(0x000000df37900000,0x000000df37a00000) (1024K)]
  0x0000022530369120 JavaThread "Unconstrained build operations Thread 33"        [_thread_blocked, id=5860, stack(0x000000df37a00000,0x000000df37b00000) (1024K)]
  0x0000022530369e40 JavaThread "Unconstrained build operations Thread 34"        [_thread_blocked, id=2052, stack(0x000000df37b00000,0x000000df37c00000) (1024K)]
  0x000002253036ab60 JavaThread "Unconstrained build operations Thread 35"        [_thread_blocked, id=16644, stack(0x000000df37c00000,0x000000df37d00000) (1024K)]
  0x000002253036bf10 JavaThread "Unconstrained build operations Thread 36"        [_thread_blocked, id=6552, stack(0x000000df37d00000,0x000000df37e00000) (1024K)]
  0x000002253036a4d0 JavaThread "Unconstrained build operations Thread 37"        [_thread_blocked, id=9984, stack(0x000000df37e00000,0x000000df37f00000) (1024K)]
  0x0000022530368a90 JavaThread "Unconstrained build operations Thread 38"        [_thread_blocked, id=10032, stack(0x000000df37f00000,0x000000df38000000) (1024K)]
  0x000002253036b1f0 JavaThread "Unconstrained build operations Thread 39"        [_thread_blocked, id=6620, stack(0x000000df38000000,0x000000df38100000) (1024K)]
  0x000002253036c5a0 JavaThread "Unconstrained build operations Thread 40"        [_thread_blocked, id=8544, stack(0x000000df38100000,0x000000df38200000) (1024K)]
  0x000002252bbc8450 JavaThread "pool-3-thread-1"                   [_thread_blocked, id=14668, stack(0x000000df38200000,0x000000df38300000) (1024K)]
  0x000002252bbce6c0 JavaThread "stderr"                            [_thread_in_native, id=17360, stack(0x000000df38300000,0x000000df38400000) (1024K)]
  0x00000225302f0380 JavaThread "stdout"                            [_thread_in_native, id=13512, stack(0x000000df38400000,0x000000df38500000) (1024K)]
Total: 88

Other Threads:
  0x000002252168b640 VMThread "VM Thread"                           [id=18496, stack(0x000000df32700000,0x000000df32800000) (1024K)]
  0x000002252163a850 WatcherThread "VM Periodic Task Thread"        [id=1384, stack(0x000000df32600000,0x000000df32700000) (1024K)]
  0x0000022508901090 WorkerThread "GC Thread#0"                     [id=18364, stack(0x000000df32100000,0x000000df32200000) (1024K)]
  0x0000022526058ed0 WorkerThread "GC Thread#1"                     [id=4744, stack(0x000000df33200000,0x000000df33300000) (1024K)]
  0x00000225260eed30 WorkerThread "GC Thread#2"                     [id=8176, stack(0x000000df33300000,0x000000df33400000) (1024K)]
  0x000002252698ab60 WorkerThread "GC Thread#3"                     [id=2444, stack(0x000000df33400000,0x000000df33500000) (1024K)]
  0x0000022508911f80 ConcurrentGCThread "G1 Main Marker"            [id=15612, stack(0x000000df32200000,0x000000df32300000) (1024K)]
  0x00000225089137d0 WorkerThread "G1 Conc#0"                       [id=1032, stack(0x000000df32300000,0x000000df32400000) (1024K)]
  0x000002250896e8b0 ConcurrentGCThread "G1 Refine#0"               [id=7428, stack(0x000000df32400000,0x000000df32500000) (1024K)]
  0x000002252150b500 ConcurrentGCThread "G1 Service"                [id=12448, stack(0x000000df32500000,0x000000df32600000) (1024K)]
Total: 10

Threads with active compile tasks:
C2 CompilerThread0  44664 15436   !   4       java.util.concurrent.locks.LockSupport::parkNanos (56 bytes)
Total: 1

VM state: not at safepoint (normal execution)

VM Mutex/Monitor currently owned by a thread: None

Heap address: 0x0000000080000000, size: 2048 MB, Compressed Oops mode: 32-bit

CDS archive(s) not mapped
Compressed class space mapped at: 0x0000000100000000-0x0000000140000000, reserved size: 1073741824
Narrow klass base: 0x0000000000000000, Narrow klass shift: 3, Narrow klass range: 0x140000000

GC Precious Log:
 CardTable entry size: 512
 Card Set container configuration: InlinePtr #cards 5 size 8 Array Of Cards #cards 12 size 40 Howl #buckets 4 coarsen threshold 1843 Howl Bitmap #cards 512 size 80 coarsen threshold 460 Card regions per heap region 1 cards per card region 2048
 CPUs: 4 total, 4 available
 Memory: 7934M
 Large Page Support: Disabled
 NUMA Support: Disabled
 Compressed Oops: Enabled (32-bit)
 Heap Region Size: 1M
 Heap Min Capacity: 8M
 Heap Initial Capacity: 124M
 Heap Max Capacity: 2G
 Pre-touch: Disabled
 Parallel Workers: 4
 Concurrent Workers: 1
 Concurrent Refinement Workers: 4
 Periodic GC: Disabled

Heap:
 garbage-first heap   total 222208K, used 189434K [0x0000000080000000, 0x0000000100000000)
  region size 1024K, 61 young (62464K), 8 survivors (8192K)
 Metaspace       used 114451K, committed 116608K, reserved 1179648K
  class space    used 15171K, committed 16256K, reserved 1048576K

Heap Regions: E=young(eden), S=young(survivor), O=old, HS=humongous(starts), HC=humongous(continues), CS=collection set, F=free, TAMS=top-at-mark-start, PB=parsable bottom
|   0|0x0000000080000000, 0x0000000080100000, 0x0000000080100000|100%|HS|  |TAMS 0x0000000080000000| PB 0x0000000080000000| Complete 
|   1|0x0000000080100000, 0x0000000080200000, 0x0000000080200000|100%|HC|  |TAMS 0x0000000080100000| PB 0x0000000080100000| Complete 
|   2|0x0000000080200000, 0x0000000080300000, 0x0000000080300000|100%|HC|  |TAMS 0x0000000080200000| PB 0x0000000080200000| Complete 
|   3|0x0000000080300000, 0x0000000080400000, 0x0000000080400000|100%|HC|  |TAMS 0x0000000080300000| PB 0x0000000080300000| Complete 
|   4|0x0000000080400000, 0x0000000080500000, 0x0000000080500000|100%| O|  |TAMS 0x0000000080400000| PB 0x0000000080400000| Untracked 
|   5|0x0000000080500000, 0x0000000080600000, 0x0000000080600000|100%| O|  |TAMS 0x0000000080500000| PB 0x0000000080500000| Untracked 
|   6|0x0000000080600000, 0x0000000080700000, 0x0000000080700000|100%| O|  |TAMS 0x0000000080600000| PB 0x0000000080600000| Untracked 
|   7|0x0000000080700000, 0x0000000080800000, 0x0000000080800000|100%| O|  |TAMS 0x0000000080700000| PB 0x0000000080700000| Untracked 
|   8|0x0000000080800000, 0x0000000080900000, 0x0000000080900000|100%|HS|  |TAMS 0x0000000080800000| PB 0x0000000080800000| Complete 
|   9|0x0000000080900000, 0x0000000080a00000, 0x0000000080a00000|100%| O|  |TAMS 0x0000000080900000| PB 0x0000000080900000| Untracked 
|  10|0x0000000080a00000, 0x0000000080b00000, 0x0000000080b00000|100%| O|  |TAMS 0x0000000080a00000| PB 0x0000000080a00000| Untracked 
|  11|0x0000000080b00000, 0x0000000080c00000, 0x0000000080c00000|100%| O|  |TAMS 0x0000000080b00000| PB 0x0000000080b00000| Untracked 
|  12|0x0000000080c00000, 0x0000000080d00000, 0x0000000080d00000|100%| O|  |TAMS 0x0000000080c00000| PB 0x0000000080c00000| Untracked 
|  13|0x0000000080d00000, 0x0000000080e00000, 0x0000000080e00000|100%| O|  |TAMS 0x0000000080d00000| PB 0x0000000080d00000| Untracked 
|  14|0x0000000080e00000, 0x0000000080f00000, 0x0000000080f00000|100%| O|  |TAMS 0x0000000080e00000| PB 0x0000000080e00000| Untracked 
|  15|0x0000000080f00000, 0x0000000081000000, 0x0000000081000000|100%| O|  |TAMS 0x0000000080f00000| PB 0x0000000080f00000| Untracked 
|  16|0x0000000081000000, 0x0000000081100000, 0x0000000081100000|100%| O|  |TAMS 0x0000000081000000| PB 0x0000000081000000| Untracked 
|  17|0x0000000081100000, 0x0000000081200000, 0x0000000081200000|100%| O|  |TAMS 0x0000000081100000| PB 0x0000000081100000| Untracked 
|  18|0x0000000081200000, 0x0000000081300000, 0x0000000081300000|100%| O|  |TAMS 0x0000000081200000| PB 0x0000000081200000| Untracked 
|  19|0x0000000081300000, 0x0000000081400000, 0x0000000081400000|100%| O|  |TAMS 0x0000000081300000| PB 0x0000000081300000| Untracked 
|  20|0x0000000081400000, 0x0000000081500000, 0x0000000081500000|100%| O|  |TAMS 0x0000000081400000| PB 0x0000000081400000| Untracked 
|  21|0x0000000081500000, 0x0000000081600000, 0x0000000081600000|100%| O|  |TAMS 0x0000000081500000| PB 0x0000000081500000| Untracked 
|  22|0x0000000081600000, 0x0000000081700000, 0x0000000081700000|100%| O|  |TAMS 0x0000000081600000| PB 0x0000000081600000| Untracked 
|  23|0x0000000081700000, 0x0000000081800000, 0x0000000081800000|100%| O|  |TAMS 0x0000000081700000| PB 0x0000000081700000| Untracked 
|  24|0x0000000081800000, 0x0000000081900000, 0x0000000081900000|100%| O|  |TAMS 0x0000000081800000| PB 0x0000000081800000| Untracked 
|  25|0x0000000081900000, 0x0000000081a00000, 0x0000000081a00000|100%| O|  |TAMS 0x0000000081900000| PB 0x0000000081900000| Untracked 
|  26|0x0000000081a00000, 0x0000000081b00000, 0x0000000081b00000|100%| O|  |TAMS 0x0000000081a00000| PB 0x0000000081a00000| Untracked 
|  27|0x0000000081b00000, 0x0000000081c00000, 0x0000000081c00000|100%| O|  |TAMS 0x0000000081b00000| PB 0x0000000081b00000| Untracked 
|  28|0x0000000081c00000, 0x0000000081d00000, 0x0000000081d00000|100%| O|  |TAMS 0x0000000081c00000| PB 0x0000000081c00000| Untracked 
|  29|0x0000000081d00000, 0x0000000081e00000, 0x0000000081e00000|100%|HS|  |TAMS 0x0000000081d00000| PB 0x0000000081d00000| Complete 
|  30|0x0000000081e00000, 0x0000000081f00000, 0x0000000081f00000|100%| O|  |TAMS 0x0000000081e00000| PB 0x0000000081e00000| Untracked 
|  31|0x0000000081f00000, 0x0000000082000000, 0x0000000082000000|100%| O|  |TAMS 0x0000000081f00000| PB 0x0000000081f00000| Untracked 
|  32|0x0000000082000000, 0x0000000082100000, 0x0000000082100000|100%| O|  |TAMS 0x0000000082000000| PB 0x0000000082000000| Untracked 
|  33|0x0000000082100000, 0x0000000082200000, 0x0000000082200000|100%| O|  |TAMS 0x0000000082100000| PB 0x0000000082100000| Untracked 
|  34|0x0000000082200000, 0x0000000082300000, 0x0000000082300000|100%| O|  |TAMS 0x0000000082200000| PB 0x0000000082200000| Untracked 
|  35|0x0000000082300000, 0x0000000082400000, 0x0000000082400000|100%| O|  |TAMS 0x0000000082300000| PB 0x0000000082300000| Untracked 
|  36|0x0000000082400000, 0x0000000082500000, 0x0000000082500000|100%| O|  |TAMS 0x0000000082400000| PB 0x0000000082400000| Untracked 
|  37|0x0000000082500000, 0x0000000082600000, 0x0000000082600000|100%| O|  |TAMS 0x0000000082500000| PB 0x0000000082500000| Untracked 
|  38|0x0000000082600000, 0x0000000082700000, 0x0000000082700000|100%| O|  |TAMS 0x0000000082600000| PB 0x0000000082600000| Untracked 
|  39|0x0000000082700000, 0x0000000082800000, 0x0000000082800000|100%| O|  |TAMS 0x0000000082700000| PB 0x0000000082700000| Untracked 
|  40|0x0000000082800000, 0x0000000082900000, 0x0000000082900000|100%| O|  |TAMS 0x0000000082800000| PB 0x0000000082800000| Untracked 
|  41|0x0000000082900000, 0x0000000082a00000, 0x0000000082a00000|100%| O|  |TAMS 0x0000000082900000| PB 0x0000000082900000| Untracked 
|  42|0x0000000082a00000, 0x0000000082b00000, 0x0000000082b00000|100%| O|  |TAMS 0x0000000082a00000| PB 0x0000000082a00000| Untracked 
|  43|0x0000000082b00000, 0x0000000082c00000, 0x0000000082c00000|100%| O|  |TAMS 0x0000000082b00000| PB 0x0000000082b00000| Untracked 
|  44|0x0000000082c00000, 0x0000000082d00000, 0x0000000082d00000|100%| O|  |TAMS 0x0000000082c00000| PB 0x0000000082c00000| Untracked 
|  45|0x0000000082d00000, 0x0000000082e00000, 0x0000000082e00000|100%|HS|  |TAMS 0x0000000082d00000| PB 0x0000000082d00000| Complete 
|  46|0x0000000082e00000, 0x0000000082f00000, 0x0000000082f00000|100%|HS|  |TAMS 0x0000000082e00000| PB 0x0000000082e00000| Complete 
|  47|0x0000000082f00000, 0x0000000083000000, 0x0000000083000000|100%|HS|  |TAMS 0x0000000082f00000| PB 0x0000000082f00000| Complete 
|  48|0x0000000083000000, 0x0000000083100000, 0x0000000083100000|100%| O|  |TAMS 0x0000000083000000| PB 0x0000000083000000| Untracked 
|  49|0x0000000083100000, 0x0000000083200000, 0x0000000083200000|100%| O|  |TAMS 0x0000000083100000| PB 0x0000000083100000| Untracked 
|  50|0x0000000083200000, 0x0000000083300000, 0x0000000083300000|100%| O|  |TAMS 0x0000000083200000| PB 0x0000000083200000| Untracked 
|  51|0x0000000083300000, 0x0000000083400000, 0x0000000083400000|100%| O|  |TAMS 0x0000000083300000| PB 0x0000000083300000| Untracked 
|  52|0x0000000083400000, 0x0000000083500000, 0x0000000083500000|100%|HS|  |TAMS 0x0000000083400000| PB 0x0000000083400000| Complete 
|  53|0x0000000083500000, 0x0000000083600000, 0x0000000083600000|100%|HS|  |TAMS 0x0000000083500000| PB 0x0000000083500000| Complete 
|  54|0x0000000083600000, 0x0000000083700000, 0x0000000083700000|100%| O|  |TAMS 0x0000000083600000| PB 0x0000000083600000| Untracked 
|  55|0x0000000083700000, 0x0000000083800000, 0x0000000083800000|100%| O|  |TAMS 0x0000000083700000| PB 0x0000000083700000| Untracked 
|  56|0x0000000083800000, 0x0000000083900000, 0x0000000083900000|100%| O|  |TAMS 0x0000000083800000| PB 0x0000000083800000| Untracked 
|  57|0x0000000083900000, 0x0000000083a00000, 0x0000000083a00000|100%| O|  |TAMS 0x0000000083900000| PB 0x0000000083900000| Untracked 
|  58|0x0000000083a00000, 0x0000000083b00000, 0x0000000083b00000|100%| O|  |TAMS 0x0000000083a00000| PB 0x0000000083a00000| Untracked 
|  59|0x0000000083b00000, 0x0000000083c00000, 0x0000000083c00000|100%|HS|  |TAMS 0x0000000083b00000| PB 0x0000000083b00000| Complete 
|  60|0x0000000083c00000, 0x0000000083d00000, 0x0000000083d00000|100%| O|  |TAMS 0x0000000083c00000| PB 0x0000000083c00000| Untracked 
|  61|0x0000000083d00000, 0x0000000083e00000, 0x0000000083e00000|100%| O|  |TAMS 0x0000000083d00000| PB 0x0000000083d00000| Untracked 
|  62|0x0000000083e00000, 0x0000000083f00000, 0x0000000083f00000|100%| O|  |TAMS 0x0000000083e00000| PB 0x0000000083e00000| Untracked 
|  63|0x0000000083f00000, 0x0000000084000000, 0x0000000084000000|100%| O|  |TAMS 0x0000000083f00000| PB 0x0000000083f00000| Untracked 
|  64|0x0000000084000000, 0x0000000084100000, 0x0000000084100000|100%| O|  |TAMS 0x0000000084000000| PB 0x0000000084000000| Untracked 
|  65|0x0000000084100000, 0x0000000084200000, 0x0000000084200000|100%| O|  |TAMS 0x0000000084100000| PB 0x0000000084100000| Untracked 
|  66|0x0000000084200000, 0x0000000084300000, 0x0000000084300000|100%| O|  |TAMS 0x0000000084200000| PB 0x0000000084200000| Untracked 
|  67|0x0000000084300000, 0x0000000084400000, 0x0000000084400000|100%| O|  |TAMS 0x0000000084300000| PB 0x0000000084300000| Untracked 
|  68|0x0000000084400000, 0x0000000084500000, 0x0000000084500000|100%| O|  |TAMS 0x0000000084400000| PB 0x0000000084400000| Untracked 
|  69|0x0000000084500000, 0x0000000084600000, 0x0000000084600000|100%| O|  |TAMS 0x0000000084500000| PB 0x0000000084500000| Untracked 
|  70|0x0000000084600000, 0x0000000084700000, 0x0000000084700000|100%| O|  |TAMS 0x0000000084600000| PB 0x0000000084600000| Untracked 
|  71|0x0000000084700000, 0x0000000084800000, 0x0000000084800000|100%| O|  |TAMS 0x0000000084700000| PB 0x0000000084700000| Untracked 
|  72|0x0000000084800000, 0x0000000084900000, 0x0000000084900000|100%| O|  |TAMS 0x0000000084800000| PB 0x0000000084800000| Untracked 
|  73|0x0000000084900000, 0x0000000084a00000, 0x0000000084a00000|100%| O|  |TAMS 0x0000000084900000| PB 0x0000000084900000| Untracked 
|  74|0x0000000084a00000, 0x0000000084b00000, 0x0000000084b00000|100%| O|  |TAMS 0x0000000084a00000| PB 0x0000000084a00000| Untracked 
|  75|0x0000000084b00000, 0x0000000084c00000, 0x0000000084c00000|100%| O|  |TAMS 0x0000000084b00000| PB 0x0000000084b00000| Untracked 
|  76|0x0000000084c00000, 0x0000000084d00000, 0x0000000084d00000|100%| O|  |TAMS 0x0000000084c00000| PB 0x0000000084c00000| Untracked 
|  77|0x0000000084d00000, 0x0000000084e00000, 0x0000000084e00000|100%| O|  |TAMS 0x0000000084d00000| PB 0x0000000084d00000| Untracked 
|  78|0x0000000084e00000, 0x0000000084f00000, 0x0000000084f00000|100%| O|  |TAMS 0x0000000084e00000| PB 0x0000000084e00000| Untracked 
|  79|0x0000000084f00000, 0x0000000085000000, 0x0000000085000000|100%| O|  |TAMS 0x0000000084f00000| PB 0x0000000084f00000| Untracked 
|  80|0x0000000085000000, 0x0000000085100000, 0x0000000085100000|100%| O|  |TAMS 0x0000000085000000| PB 0x0000000085000000| Untracked 
|  81|0x0000000085100000, 0x0000000085200000, 0x0000000085200000|100%| O|  |TAMS 0x0000000085100000| PB 0x0000000085100000| Untracked 
|  82|0x0000000085200000, 0x0000000085300000, 0x0000000085300000|100%| O|  |TAMS 0x0000000085200000| PB 0x0000000085200000| Untracked 
|  83|0x0000000085300000, 0x0000000085400000, 0x0000000085400000|100%| O|  |TAMS 0x0000000085300000| PB 0x0000000085300000| Untracked 
|  84|0x0000000085400000, 0x0000000085500000, 0x0000000085500000|100%| O|  |TAMS 0x0000000085400000| PB 0x0000000085400000| Untracked 
|  85|0x0000000085500000, 0x0000000085600000, 0x0000000085600000|100%| O|  |TAMS 0x0000000085500000| PB 0x0000000085500000| Untracked 
|  86|0x0000000085600000, 0x0000000085700000, 0x0000000085700000|100%| O|  |TAMS 0x0000000085600000| PB 0x0000000085600000| Untracked 
|  87|0x0000000085700000, 0x0000000085800000, 0x0000000085800000|100%| O|  |TAMS 0x0000000085700000| PB 0x0000000085700000| Untracked 
|  88|0x0000000085800000, 0x0000000085900000, 0x0000000085900000|100%| O|  |TAMS 0x0000000085800000| PB 0x0000000085800000| Untracked 
|  89|0x0000000085900000, 0x0000000085a00000, 0x0000000085a00000|100%| O|  |TAMS 0x0000000085900000| PB 0x0000000085900000| Untracked 
|  90|0x0000000085a00000, 0x0000000085b00000, 0x0000000085b00000|100%| O|  |TAMS 0x0000000085a00000| PB 0x0000000085a00000| Untracked 
|  91|0x0000000085b00000, 0x0000000085c00000, 0x0000000085c00000|100%| O|  |TAMS 0x0000000085b00000| PB 0x0000000085b00000| Untracked 
|  92|0x0000000085c00000, 0x0000000085d00000, 0x0000000085d00000|100%| O|  |TAMS 0x0000000085c00000| PB 0x0000000085c00000| Untracked 
|  93|0x0000000085d00000, 0x0000000085e00000, 0x0000000085e00000|100%| O|  |TAMS 0x0000000085d00000| PB 0x0000000085d00000| Untracked 
|  94|0x0000000085e00000, 0x0000000085f00000, 0x0000000085f00000|100%| O|  |TAMS 0x0000000085e00000| PB 0x0000000085e00000| Untracked 
|  95|0x0000000085f00000, 0x0000000086000000, 0x0000000086000000|100%| O|  |TAMS 0x0000000085f00000| PB 0x0000000085f00000| Untracked 
|  96|0x0000000086000000, 0x0000000086100000, 0x0000000086100000|100%| O|  |TAMS 0x0000000086000000| PB 0x0000000086000000| Untracked 
|  97|0x0000000086100000, 0x0000000086200000, 0x0000000086200000|100%| O|  |TAMS 0x0000000086100000| PB 0x0000000086100000| Untracked 
|  98|0x0000000086200000, 0x0000000086300000, 0x0000000086300000|100%| O|  |TAMS 0x0000000086200000| PB 0x0000000086200000| Untracked 
|  99|0x0000000086300000, 0x0000000086400000, 0x0000000086400000|100%| O|  |TAMS 0x0000000086300000| PB 0x0000000086300000| Untracked 
| 100|0x0000000086400000, 0x0000000086500000, 0x0000000086500000|100%| O|  |TAMS 0x0000000086400000| PB 0x0000000086400000| Untracked 
| 101|0x0000000086500000, 0x0000000086600000, 0x0000000086600000|100%| O|  |TAMS 0x0000000086500000| PB 0x0000000086500000| Untracked 
| 102|0x0000000086600000, 0x00000000866b2e90, 0x0000000086700000| 69%| O|  |TAMS 0x0000000086600000| PB 0x0000000086600000| Untracked 
| 103|0x0000000086700000, 0x0000000086800000, 0x0000000086800000|100%| O|  |TAMS 0x0000000086700000| PB 0x0000000086700000| Untracked 
| 104|0x0000000086800000, 0x0000000086900000, 0x0000000086900000|100%| O|  |TAMS 0x0000000086800000| PB 0x0000000086800000| Untracked 
| 105|0x0000000086900000, 0x0000000086a00000, 0x0000000086a00000|100%| O|  |TAMS 0x0000000086900000| PB 0x0000000086900000| Untracked 
| 106|0x0000000086a00000, 0x0000000086b00000, 0x0000000086b00000|100%| O|  |TAMS 0x0000000086a00000| PB 0x0000000086a00000| Untracked 
| 107|0x0000000086b00000, 0x0000000086c00000, 0x0000000086c00000|100%| O|  |TAMS 0x0000000086b00000| PB 0x0000000086b00000| Untracked 
| 108|0x0000000086c00000, 0x0000000086d00000, 0x0000000086d00000|100%| O|  |TAMS 0x0000000086c00000| PB 0x0000000086c00000| Untracked 
| 109|0x0000000086d00000, 0x0000000086e00000, 0x0000000086e00000|100%| O|  |TAMS 0x0000000086d00000| PB 0x0000000086d00000| Untracked 
| 110|0x0000000086e00000, 0x0000000086f00000, 0x0000000086f00000|100%| O|  |TAMS 0x0000000086e00000| PB 0x0000000086e00000| Untracked 
| 111|0x0000000086f00000, 0x0000000087000000, 0x0000000087000000|100%| O|  |TAMS 0x0000000086f00000| PB 0x0000000086f00000| Untracked 
| 112|0x0000000087000000, 0x0000000087100000, 0x0000000087100000|100%| O|  |TAMS 0x0000000087000000| PB 0x0000000087000000| Untracked 
| 113|0x0000000087100000, 0x0000000087100000, 0x0000000087200000|  0%| F|  |TAMS 0x0000000087100000| PB 0x0000000087100000| Untracked 
| 114|0x0000000087200000, 0x0000000087200000, 0x0000000087300000|  0%| F|  |TAMS 0x0000000087200000| PB 0x0000000087200000| Untracked 
| 115|0x0000000087300000, 0x0000000087300000, 0x0000000087400000|  0%| F|  |TAMS 0x0000000087300000| PB 0x0000000087300000| Untracked 
| 116|0x0000000087400000, 0x0000000087400000, 0x0000000087500000|  0%| F|  |TAMS 0x0000000087400000| PB 0x0000000087400000| Untracked 
| 117|0x0000000087500000, 0x0000000087500000, 0x0000000087600000|  0%| F|  |TAMS 0x0000000087500000| PB 0x0000000087500000| Untracked 
| 118|0x0000000087600000, 0x0000000087600000, 0x0000000087700000|  0%| F|  |TAMS 0x0000000087600000| PB 0x0000000087600000| Untracked 
| 119|0x0000000087700000, 0x0000000087700000, 0x0000000087800000|  0%| F|  |TAMS 0x0000000087700000| PB 0x0000000087700000| Untracked 
| 120|0x0000000087800000, 0x0000000087800000, 0x0000000087900000|  0%| F|  |TAMS 0x0000000087800000| PB 0x0000000087800000| Untracked 
| 121|0x0000000087900000, 0x0000000087900000, 0x0000000087a00000|  0%| F|  |TAMS 0x0000000087900000| PB 0x0000000087900000| Untracked 
| 122|0x0000000087a00000, 0x0000000087b00000, 0x0000000087b00000|100%| O|  |TAMS 0x0000000087a00000| PB 0x0000000087a00000| Untracked 
| 123|0x0000000087b00000, 0x0000000087c00000, 0x0000000087c00000|100%| O|  |TAMS 0x0000000087b00000| PB 0x0000000087b00000| Untracked 
| 124|0x0000000087c00000, 0x0000000087d00000, 0x0000000087d00000|100%| O|  |TAMS 0x0000000087c00000| PB 0x0000000087c00000| Untracked 
| 125|0x0000000087d00000, 0x0000000087e00000, 0x0000000087e00000|100%| O|  |TAMS 0x0000000087d00000| PB 0x0000000087d00000| Untracked 
| 126|0x0000000087e00000, 0x0000000087e00000, 0x0000000087f00000|  0%| F|  |TAMS 0x0000000087e00000| PB 0x0000000087e00000| Untracked 
| 127|0x0000000087f00000, 0x0000000087f00000, 0x0000000088000000|  0%| F|  |TAMS 0x0000000087f00000| PB 0x0000000087f00000| Untracked 
| 128|0x0000000088000000, 0x0000000088000000, 0x0000000088100000|  0%| F|  |TAMS 0x0000000088000000| PB 0x0000000088000000| Untracked 
| 129|0x0000000088100000, 0x0000000088100000, 0x0000000088200000|  0%| F|  |TAMS 0x0000000088100000| PB 0x0000000088100000| Untracked 
| 130|0x0000000088200000, 0x0000000088200000, 0x0000000088300000|  0%| F|  |TAMS 0x0000000088200000| PB 0x0000000088200000| Untracked 
| 131|0x0000000088300000, 0x0000000088300000, 0x0000000088400000|  0%| F|  |TAMS 0x0000000088300000| PB 0x0000000088300000| Untracked 
| 132|0x0000000088400000, 0x000000008844bce0, 0x0000000088500000| 29%| S|CS|TAMS 0x0000000088400000| PB 0x0000000088400000| Complete 
| 133|0x0000000088500000, 0x0000000088600000, 0x0000000088600000|100%| S|CS|TAMS 0x0000000088500000| PB 0x0000000088500000| Complete 
| 134|0x0000000088600000, 0x0000000088700000, 0x0000000088700000|100%| S|CS|TAMS 0x0000000088600000| PB 0x0000000088600000| Complete 
| 135|0x0000000088700000, 0x0000000088800000, 0x0000000088800000|100%| S|CS|TAMS 0x0000000088700000| PB 0x0000000088700000| Complete 
| 136|0x0000000088800000, 0x0000000088900000, 0x0000000088900000|100%| S|CS|TAMS 0x0000000088800000| PB 0x0000000088800000| Complete 
| 137|0x0000000088900000, 0x0000000088a00000, 0x0000000088a00000|100%| S|CS|TAMS 0x0000000088900000| PB 0x0000000088900000| Complete 
| 138|0x0000000088a00000, 0x0000000088b00000, 0x0000000088b00000|100%| S|CS|TAMS 0x0000000088a00000| PB 0x0000000088a00000| Complete 
| 139|0x0000000088b00000, 0x0000000088c00000, 0x0000000088c00000|100%| S|CS|TAMS 0x0000000088b00000| PB 0x0000000088b00000| Complete 
| 140|0x0000000088c00000, 0x0000000088c00000, 0x0000000088d00000|  0%| F|  |TAMS 0x0000000088c00000| PB 0x0000000088c00000| Untracked 
| 141|0x0000000088d00000, 0x0000000088d00000, 0x0000000088e00000|  0%| F|  |TAMS 0x0000000088d00000| PB 0x0000000088d00000| Untracked 
| 142|0x0000000088e00000, 0x0000000088e00000, 0x0000000088f00000|  0%| F|  |TAMS 0x0000000088e00000| PB 0x0000000088e00000| Untracked 
| 143|0x0000000088f00000, 0x0000000088f00000, 0x0000000089000000|  0%| F|  |TAMS 0x0000000088f00000| PB 0x0000000088f00000| Untracked 
| 144|0x0000000089000000, 0x0000000089000000, 0x0000000089100000|  0%| F|  |TAMS 0x0000000089000000| PB 0x0000000089000000| Untracked 
| 145|0x0000000089100000, 0x0000000089100000, 0x0000000089200000|  0%| F|  |TAMS 0x0000000089100000| PB 0x0000000089100000| Untracked 
| 146|0x0000000089200000, 0x0000000089200000, 0x0000000089300000|  0%| F|  |TAMS 0x0000000089200000| PB 0x0000000089200000| Untracked 
| 147|0x0000000089300000, 0x0000000089300000, 0x0000000089400000|  0%| F|  |TAMS 0x0000000089300000| PB 0x0000000089300000| Untracked 
| 148|0x0000000089400000, 0x0000000089400000, 0x0000000089500000|  0%| F|  |TAMS 0x0000000089400000| PB 0x0000000089400000| Untracked 
| 149|0x0000000089500000, 0x0000000089500000, 0x0000000089600000|  0%| F|  |TAMS 0x0000000089500000| PB 0x0000000089500000| Untracked 
| 150|0x0000000089600000, 0x0000000089600000, 0x0000000089700000|  0%| F|  |TAMS 0x0000000089600000| PB 0x0000000089600000| Untracked 
| 151|0x0000000089700000, 0x0000000089700000, 0x0000000089800000|  0%| F|  |TAMS 0x0000000089700000| PB 0x0000000089700000| Untracked 
| 152|0x0000000089800000, 0x0000000089800000, 0x0000000089900000|  0%| F|  |TAMS 0x0000000089800000| PB 0x0000000089800000| Untracked 
| 153|0x0000000089900000, 0x0000000089900000, 0x0000000089a00000|  0%| F|  |TAMS 0x0000000089900000| PB 0x0000000089900000| Untracked 
| 154|0x0000000089a00000, 0x0000000089a77388, 0x0000000089b00000| 46%| E|  |TAMS 0x0000000089a00000| PB 0x0000000089a00000| Complete 
| 155|0x0000000089b00000, 0x0000000089c00000, 0x0000000089c00000|100%| E|CS|TAMS 0x0000000089b00000| PB 0x0000000089b00000| Complete 
| 156|0x0000000089c00000, 0x0000000089d00000, 0x0000000089d00000|100%| E|CS|TAMS 0x0000000089c00000| PB 0x0000000089c00000| Complete 
| 157|0x0000000089d00000, 0x0000000089e00000, 0x0000000089e00000|100%| E|CS|TAMS 0x0000000089d00000| PB 0x0000000089d00000| Complete 
| 158|0x0000000089e00000, 0x0000000089f00000, 0x0000000089f00000|100%| E|CS|TAMS 0x0000000089e00000| PB 0x0000000089e00000| Complete 
| 159|0x0000000089f00000, 0x000000008a000000, 0x000000008a000000|100%| E|CS|TAMS 0x0000000089f00000| PB 0x0000000089f00000| Complete 
| 160|0x000000008a000000, 0x000000008a100000, 0x000000008a100000|100%| E|CS|TAMS 0x000000008a000000| PB 0x000000008a000000| Complete 
| 161|0x000000008a100000, 0x000000008a200000, 0x000000008a200000|100%| E|CS|TAMS 0x000000008a100000| PB 0x000000008a100000| Complete 
| 162|0x000000008a200000, 0x000000008a300000, 0x000000008a300000|100%| E|CS|TAMS 0x000000008a200000| PB 0x000000008a200000| Complete 
| 163|0x000000008a300000, 0x000000008a400000, 0x000000008a400000|100%| E|CS|TAMS 0x000000008a300000| PB 0x000000008a300000| Complete 
| 164|0x000000008a400000, 0x000000008a500000, 0x000000008a500000|100%| E|CS|TAMS 0x000000008a400000| PB 0x000000008a400000| Complete 
| 165|0x000000008a500000, 0x000000008a600000, 0x000000008a600000|100%| E|CS|TAMS 0x000000008a500000| PB 0x000000008a500000| Complete 
| 166|0x000000008a600000, 0x000000008a700000, 0x000000008a700000|100%| E|CS|TAMS 0x000000008a600000| PB 0x000000008a600000| Complete 
| 167|0x000000008a700000, 0x000000008a800000, 0x000000008a800000|100%| E|CS|TAMS 0x000000008a700000| PB 0x000000008a700000| Complete 
| 168|0x000000008a800000, 0x000000008a900000, 0x000000008a900000|100%| E|CS|TAMS 0x000000008a800000| PB 0x000000008a800000| Complete 
| 169|0x000000008a900000, 0x000000008aa00000, 0x000000008aa00000|100%| E|  |TAMS 0x000000008a900000| PB 0x000000008a900000| Complete 
| 170|0x000000008aa00000, 0x000000008ab00000, 0x000000008ab00000|100%| E|CS|TAMS 0x000000008aa00000| PB 0x000000008aa00000| Complete 
| 171|0x000000008ab00000, 0x000000008ac00000, 0x000000008ac00000|100%| E|CS|TAMS 0x000000008ab00000| PB 0x000000008ab00000| Complete 
| 172|0x000000008ac00000, 0x000000008ad00000, 0x000000008ad00000|100%| E|CS|TAMS 0x000000008ac00000| PB 0x000000008ac00000| Complete 
| 173|0x000000008ad00000, 0x000000008ae00000, 0x000000008ae00000|100%| E|CS|TAMS 0x000000008ad00000| PB 0x000000008ad00000| Complete 
| 174|0x000000008ae00000, 0x000000008af00000, 0x000000008af00000|100%| E|CS|TAMS 0x000000008ae00000| PB 0x000000008ae00000| Complete 
| 175|0x000000008af00000, 0x000000008b000000, 0x000000008b000000|100%| E|CS|TAMS 0x000000008af00000| PB 0x000000008af00000| Complete 
| 176|0x000000008b000000, 0x000000008b100000, 0x000000008b100000|100%| E|CS|TAMS 0x000000008b000000| PB 0x000000008b000000| Complete 
| 177|0x000000008b100000, 0x000000008b200000, 0x000000008b200000|100%| E|CS|TAMS 0x000000008b100000| PB 0x000000008b100000| Complete 
| 178|0x000000008b200000, 0x000000008b300000, 0x000000008b300000|100%| E|CS|TAMS 0x000000008b200000| PB 0x000000008b200000| Complete 
| 179|0x000000008b300000, 0x000000008b400000, 0x000000008b400000|100%| E|CS|TAMS 0x000000008b300000| PB 0x000000008b300000| Complete 
| 180|0x000000008b400000, 0x000000008b500000, 0x000000008b500000|100%| E|CS|TAMS 0x000000008b400000| PB 0x000000008b400000| Complete 
| 181|0x000000008b500000, 0x000000008b600000, 0x000000008b600000|100%| E|CS|TAMS 0x000000008b500000| PB 0x000000008b500000| Complete 
| 182|0x000000008b600000, 0x000000008b700000, 0x000000008b700000|100%| E|CS|TAMS 0x000000008b600000| PB 0x000000008b600000| Complete 
| 183|0x000000008b700000, 0x000000008b800000, 0x000000008b800000|100%| E|CS|TAMS 0x000000008b700000| PB 0x000000008b700000| Complete 
| 184|0x000000008b800000, 0x000000008b900000, 0x000000008b900000|100%| E|CS|TAMS 0x000000008b800000| PB 0x000000008b800000| Complete 
| 185|0x000000008b900000, 0x000000008ba00000, 0x000000008ba00000|100%| E|CS|TAMS 0x000000008b900000| PB 0x000000008b900000| Complete 
| 186|0x000000008ba00000, 0x000000008bb00000, 0x000000008bb00000|100%| E|CS|TAMS 0x000000008ba00000| PB 0x000000008ba00000| Complete 
| 187|0x000000008bb00000, 0x000000008bc00000, 0x000000008bc00000|100%| E|CS|TAMS 0x000000008bb00000| PB 0x000000008bb00000| Complete 
| 188|0x000000008bc00000, 0x000000008bd00000, 0x000000008bd00000|100%| E|CS|TAMS 0x000000008bc00000| PB 0x000000008bc00000| Complete 
| 189|0x000000008bd00000, 0x000000008be00000, 0x000000008be00000|100%| E|CS|TAMS 0x000000008bd00000| PB 0x000000008bd00000| Complete 
| 190|0x000000008be00000, 0x000000008bf00000, 0x000000008bf00000|100%| E|CS|TAMS 0x000000008be00000| PB 0x000000008be00000| Complete 
| 191|0x000000008bf00000, 0x000000008c000000, 0x000000008c000000|100%| E|CS|TAMS 0x000000008bf00000| PB 0x000000008bf00000| Complete 
| 192|0x000000008c000000, 0x000000008c100000, 0x000000008c100000|100%| E|CS|TAMS 0x000000008c000000| PB 0x000000008c000000| Complete 
| 193|0x000000008c100000, 0x000000008c200000, 0x000000008c200000|100%| E|CS|TAMS 0x000000008c100000| PB 0x000000008c100000| Complete 
| 194|0x000000008c200000, 0x000000008c300000, 0x000000008c300000|100%| E|CS|TAMS 0x000000008c200000| PB 0x000000008c200000| Complete 
| 195|0x000000008c300000, 0x000000008c400000, 0x000000008c400000|100%| E|CS|TAMS 0x000000008c300000| PB 0x000000008c300000| Complete 
| 196|0x000000008c400000, 0x000000008c500000, 0x000000008c500000|100%| E|CS|TAMS 0x000000008c400000| PB 0x000000008c400000| Complete 
| 197|0x000000008c500000, 0x000000008c600000, 0x000000008c600000|100%| E|CS|TAMS 0x000000008c500000| PB 0x000000008c500000| Complete 
| 198|0x000000008c600000, 0x000000008c700000, 0x000000008c700000|100%| E|CS|TAMS 0x000000008c600000| PB 0x000000008c600000| Complete 
| 199|0x000000008c700000, 0x000000008c800000, 0x000000008c800000|100%| E|CS|TAMS 0x000000008c700000| PB 0x000000008c700000| Complete 
| 200|0x000000008c800000, 0x000000008c900000, 0x000000008c900000|100%| E|CS|TAMS 0x000000008c800000| PB 0x000000008c800000| Complete 
| 201|0x000000008c900000, 0x000000008ca00000, 0x000000008ca00000|100%| E|CS|TAMS 0x000000008c900000| PB 0x000000008c900000| Complete 
|2033|0x00000000ff100000, 0x00000000ff200000, 0x00000000ff200000|100%| E|CS|TAMS 0x00000000ff100000| PB 0x00000000ff100000| Complete 
|2034|0x00000000ff200000, 0x00000000ff300000, 0x00000000ff300000|100%| E|CS|TAMS 0x00000000ff200000| PB 0x00000000ff200000| Complete 
|2035|0x00000000ff300000, 0x00000000ff400000, 0x00000000ff400000|100%| O|  |TAMS 0x00000000ff300000| PB 0x00000000ff300000| Untracked 
|2036|0x00000000ff400000, 0x00000000ff500000, 0x00000000ff500000|100%| O|  |TAMS 0x00000000ff400000| PB 0x00000000ff400000| Untracked 
|2037|0x00000000ff500000, 0x00000000ff600000, 0x00000000ff600000|100%| O|  |TAMS 0x00000000ff500000| PB 0x00000000ff500000| Untracked 
|2038|0x00000000ff600000, 0x00000000ff700000, 0x00000000ff700000|100%| O|  |TAMS 0x00000000ff600000| PB 0x00000000ff600000| Untracked 
|2039|0x00000000ff700000, 0x00000000ff800000, 0x00000000ff800000|100%| O|  |TAMS 0x00000000ff700000| PB 0x00000000ff700000| Untracked 
|2040|0x00000000ff800000, 0x00000000ff900000, 0x00000000ff900000|100%| O|  |TAMS 0x00000000ff800000| PB 0x00000000ff800000| Untracked 
|2041|0x00000000ff900000, 0x00000000ffa00000, 0x00000000ffa00000|100%| O|  |TAMS 0x00000000ff900000| PB 0x00000000ff900000| Untracked 
|2042|0x00000000ffa00000, 0x00000000ffb00000, 0x00000000ffb00000|100%| E|CS|TAMS 0x00000000ffa00000| PB 0x00000000ffa00000| Complete 
|2043|0x00000000ffb00000, 0x00000000ffc00000, 0x00000000ffc00000|100%| E|CS|TAMS 0x00000000ffb00000| PB 0x00000000ffb00000| Complete 
|2044|0x00000000ffc00000, 0x00000000ffd00000, 0x00000000ffd00000|100%| O|  |TAMS 0x00000000ffc00000| PB 0x00000000ffc00000| Untracked 
|2045|0x00000000ffd00000, 0x00000000ffe00000, 0x00000000ffe00000|100%| O|  |TAMS 0x00000000ffd00000| PB 0x00000000ffd00000| Untracked 
|2046|0x00000000ffe00000, 0x00000000fff00000, 0x00000000fff00000|100%| E|CS|TAMS 0x00000000ffe00000| PB 0x00000000ffe00000| Complete 
|2047|0x00000000fff00000, 0x0000000100000000, 0x0000000100000000|100%| O|  |TAMS 0x00000000fff00000| PB 0x00000000fff00000| Untracked 

Card table byte_map: [0x000002251cc90000,0x000002251d090000] _byte_map_base: 0x000002251c890000

Marking Bits: (CMBitMap*) 0x00000225089016a0
 Bits: [0x000002251d090000, 0x000002251f090000)

Polling page: 0x000002250a120000

Metaspace:

Usage:
  Non-class:     96.95 MB used.
      Class:     14.82 MB used.
       Both:    111.77 MB used.

Virtual space:
  Non-class space:      128.00 MB reserved,      98.00 MB ( 77%) committed,  2 nodes.
      Class space:        1.00 GB reserved,      15.88 MB (  2%) committed,  1 nodes.
             Both:        1.12 GB reserved,     113.88 MB ( 10%) committed. 

Chunk freelists:
   Non-Class:  13.33 MB
       Class:  90.00 KB
        Both:  13.42 MB

MaxMetaspaceSize: unlimited
CompressedClassSpaceSize: 1.00 GB
Initial GC threshold: 21.00 MB
Current GC threshold: 169.94 MB
CDS: off
 - commit_granule_bytes: 65536.
 - commit_granule_words: 8192.
 - virtual_space_node_default_size: 8388608.
 - enlarge_chunks_in_place: 1.
 - use_allocation_guard: 0.


Internal statistics:

num_allocs_failed_limit: 6.
num_arena_births: 4094.
num_arena_deaths: 0.
num_vsnodes_births: 3.
num_vsnodes_deaths: 0.
num_space_committed: 1820.
num_space_uncommitted: 0.
num_chunks_returned_to_freelist: 6.
num_chunks_taken_from_freelist: 8970.
num_chunk_merges: 6.
num_chunk_splits: 5809.
num_chunks_enlarged: 3620.
num_inconsistent_stats: 0.

CodeHeap 'non-profiled nmethods': size=120000Kb used=10019Kb max_used=10019Kb free=109980Kb
 bounds [0x0000022514e30000, 0x0000022515800000, 0x000002251c360000]
CodeHeap 'profiled nmethods': size=120000Kb used=26731Kb max_used=26731Kb free=93268Kb
 bounds [0x000002250d360000, 0x000002250ed80000, 0x0000022514890000]
CodeHeap 'non-nmethods': size=5760Kb used=3168Kb max_used=3201Kb free=2591Kb
 bounds [0x0000022514890000, 0x0000022514bc0000, 0x0000022514e30000]
 total_blobs=14407 nmethods=13402 adapters=908
 compilation: enabled
              stopped_count=0, restarted_count=0
 full_count=0

Compilation events (20 events):
Event: 40.762 Thread 0x000002252184cbb0 nmethod 15426 0x00000225157f7b90 code [0x00000225157f7d40, 0x00000225157f8428]
Event: 40.871 Thread 0x000002252184fc20 15427       3       org.gradle.internal.classpath.declarations.FileInterceptorsDeclaration::intercept_isFile (6 bytes)
Event: 40.874 Thread 0x000002252184fc20 nmethod 15427 0x000002250ed74b90 code [0x000002250ed74d80, 0x000002250ed75238]
Event: 40.874 Thread 0x000002252184fc20 15428       3       org.gradle.internal.classpath.Instrumented::fileIsFile (10 bytes)
Event: 40.874 Thread 0x000002252184fc20 nmethod 15428 0x000002250ed75410 code [0x000002250ed75640, 0x000002250ed75d78]
Event: 40.898 Thread 0x000002252184fc20 15429       3       com.android.builder.internal.aapt.v2.AaptV2CommandBuilder$makeLinkCommand$$inlined$sortedBy$1::compare (39 bytes)
Event: 40.898 Thread 0x000002252184fc20 nmethod 15429 0x000002250ed76010 code [0x000002250ed761e0, 0x000002250ed76690]
Event: 40.898 Thread 0x000002252184fc20 15430       3       com.google.common.collect.ImmutableList$Builder::add (14 bytes)
Event: 40.898 Thread 0x000002252184fc20 nmethod 15430 0x000002250ed76890 code [0x000002250ed76a60, 0x000002250ed76d78]
Event: 40.899 Thread 0x000002252184fc20 15431       3       com.google.common.collect.ImmutableList$Builder::add (35 bytes)
Event: 40.899 Thread 0x000002252184fc20 nmethod 15431 0x000002250ed76f10 code [0x000002250ed770e0, 0x000002250ed773d8]
Event: 40.995 Thread 0x000002252184cbb0 15432       4       com.google.common.collect.ObjectArrays::checkElementNotNull (33 bytes)
Event: 40.996 Thread 0x000002252184cbb0 nmethod 15432 0x00000225157f8610 code [0x00000225157f87a0, 0x00000225157f8828]
Event: 41.053 Thread 0x000002252184cbb0 15433       4       com.google.common.collect.AbstractIndexedListIterator::next (31 bytes)
Event: 41.054 Thread 0x000002252184cbb0 nmethod 15433 0x00000225157f8910 code [0x00000225157f8aa0, 0x00000225157f8b78]
Event: 41.901 Thread 0x000002252184fc20 15434   !   3       java.io.FileInputStream::read (32 bytes)
Event: 41.901 Thread 0x000002252184fc20 nmethod 15434 0x000002250ed77490 code [0x000002250ed77660, 0x000002250ed77888]
Event: 43.937 Thread 0x000002252184fc20 15435       3       java.util.HashMap$ValueSpliterator::characteristics (28 bytes)
Event: 43.937 Thread 0x000002252184fc20 nmethod 15435 0x000002250ed77a10 code [0x000002250ed77bc0, 0x000002250ed77d80]
Event: 44.487 Thread 0x000002252184cbb0 15436   !   4       java.util.concurrent.locks.LockSupport::parkNanos (56 bytes)

GC Heap History (20 events):
Event: 28.001 GC heap before
{Heap before GC invocations=39 (full 0):
 garbage-first heap   total 156672K, used 141842K [0x0000000080000000, 0x0000000100000000)
  region size 1024K, 64 young (65536K), 5 survivors (5120K)
 Metaspace       used 95727K, committed 97792K, reserved 1179648K
  class space    used 13073K, committed 14144K, reserved 1048576K
}
Event: 28.012 GC heap after
{Heap after GC invocations=40 (full 0):
 garbage-first heap   total 156672K, used 84725K [0x0000000080000000, 0x0000000100000000)
  region size 1024K, 6 young (6144K), 6 survivors (6144K)
 Metaspace       used 95727K, committed 97792K, reserved 1179648K
  class space    used 13073K, committed 14144K, reserved 1048576K
}
Event: 29.767 GC heap before
{Heap before GC invocations=40 (full 0):
 garbage-first heap   total 156672K, used 140021K [0x0000000080000000, 0x0000000100000000)
  region size 1024K, 61 young (62464K), 6 survivors (6144K)
 Metaspace       used 98372K, committed 100480K, reserved 1179648K
  class space    used 13473K, committed 14528K, reserved 1048576K
}
Event: 29.780 GC heap after
{Heap after GC invocations=41 (full 0):
 garbage-first heap   total 156672K, used 89537K [0x0000000080000000, 0x0000000100000000)
  region size 1024K, 8 young (8192K), 8 survivors (8192K)
 Metaspace       used 98372K, committed 100480K, reserved 1179648K
  class space    used 13473K, committed 14528K, reserved 1048576K
}
Event: 30.389 GC heap before
{Heap before GC invocations=41 (full 0):
 garbage-first heap   total 156672K, used 120257K [0x0000000080000000, 0x0000000100000000)
  region size 1024K, 40 young (40960K), 8 survivors (8192K)
 Metaspace       used 98674K, committed 100800K, reserved 1179648K
  class space    used 13523K, committed 14592K, reserved 1048576K
}
Event: 30.400 GC heap after
{Heap after GC invocations=42 (full 0):
 garbage-first heap   total 156672K, used 92699K [0x0000000080000000, 0x0000000100000000)
  region size 1024K, 5 young (5120K), 5 survivors (5120K)
 Metaspace       used 98674K, committed 100800K, reserved 1179648K
  class space    used 13523K, committed 14592K, reserved 1048576K
}
Event: 32.497 GC heap before
{Heap before GC invocations=43 (full 0):
 garbage-first heap   total 165888K, used 146971K [0x0000000080000000, 0x0000000100000000)
  region size 1024K, 52 young (53248K), 5 survivors (5120K)
 Metaspace       used 101886K, committed 103936K, reserved 1179648K
  class space    used 13811K, committed 14848K, reserved 1048576K
}
Event: 32.516 GC heap after
{Heap after GC invocations=44 (full 0):
 garbage-first heap   total 172032K, used 111616K [0x0000000080000000, 0x0000000100000000)
  region size 1024K, 7 young (7168K), 7 survivors (7168K)
 Metaspace       used 101886K, committed 103936K, reserved 1179648K
  class space    used 13811K, committed 14848K, reserved 1048576K
}
Event: 33.535 GC heap before
{Heap before GC invocations=44 (full 0):
 garbage-first heap   total 172032K, used 151552K [0x0000000080000000, 0x0000000100000000)
  region size 1024K, 40 young (40960K), 7 survivors (7168K)
 Metaspace       used 102205K, committed 104320K, reserved 1179648K
  class space    used 13835K, committed 14912K, reserved 1048576K
}
Event: 33.549 GC heap after
{Heap after GC invocations=45 (full 0):
 garbage-first heap   total 172032K, used 119808K [0x0000000080000000, 0x0000000100000000)
  region size 1024K, 5 young (5120K), 5 survivors (5120K)
 Metaspace       used 102205K, committed 104320K, reserved 1179648K
  class space    used 13835K, committed 14912K, reserved 1048576K
}
Event: 33.942 GC heap before
{Heap before GC invocations=45 (full 0):
 garbage-first heap   total 172032K, used 133120K [0x0000000080000000, 0x0000000100000000)
  region size 1024K, 20 young (20480K), 5 survivors (5120K)
 Metaspace       used 102295K, committed 104384K, reserved 1179648K
  class space    used 13841K, committed 14912K, reserved 1048576K
}
Event: 33.957 GC heap after
{Heap after GC invocations=46 (full 0):
 garbage-first heap   total 172032K, used 125952K [0x0000000080000000, 0x0000000100000000)
  region size 1024K, 5 young (5120K), 5 survivors (5120K)
 Metaspace       used 102295K, committed 104384K, reserved 1179648K
  class space    used 13841K, committed 14912K, reserved 1048576K
}
Event: 35.181 GC heap before
{Heap before GC invocations=47 (full 0):
 garbage-first heap   total 222208K, used 165888K [0x0000000080000000, 0x0000000100000000)
  region size 1024K, 30 young (30720K), 5 survivors (5120K)
 Metaspace       used 104727K, committed 106816K, reserved 1179648K
  class space    used 14075K, committed 15104K, reserved 1048576K
}
Event: 35.191 GC heap after
{Heap after GC invocations=48 (full 0):
 garbage-first heap   total 222208K, used 127873K [0x0000000080000000, 0x0000000100000000)
  region size 1024K, 2 young (2048K), 2 survivors (2048K)
 Metaspace       used 104727K, committed 106816K, reserved 1179648K
  class space    used 14075K, committed 15104K, reserved 1048576K
}
Event: 36.803 GC heap before
{Heap before GC invocations=48 (full 0):
 garbage-first heap   total 222208K, used 191361K [0x0000000080000000, 0x0000000100000000)
  region size 1024K, 65 young (66560K), 2 survivors (2048K)
 Metaspace       used 106752K, committed 108928K, reserved 1179648K
  class space    used 14283K, committed 15424K, reserved 1048576K
}
Event: 36.813 GC heap after
{Heap after GC invocations=49 (full 0):
 garbage-first heap   total 222208K, used 133376K [0x0000000080000000, 0x0000000100000000)
  region size 1024K, 9 young (9216K), 9 survivors (9216K)
 Metaspace       used 106752K, committed 108928K, reserved 1179648K
  class space    used 14283K, committed 15424K, reserved 1048576K
}
Event: 38.196 GC heap before
{Heap before GC invocations=49 (full 0):
 garbage-first heap   total 222208K, used 192768K [0x0000000080000000, 0x0000000100000000)
  region size 1024K, 68 young (69632K), 9 survivors (9216K)
 Metaspace       used 112971K, committed 115072K, reserved 1179648K
  class space    used 15000K, committed 16064K, reserved 1048576K
}
Event: 38.206 GC heap after
{Heap after GC invocations=50 (full 0):
 garbage-first heap   total 222208K, used 132135K [0x0000000080000000, 0x0000000100000000)
  region size 1024K, 3 young (3072K), 3 survivors (3072K)
 Metaspace       used 112971K, committed 115072K, reserved 1179648K
  class space    used 15000K, committed 16064K, reserved 1048576K
}
Event: 39.855 GC heap before
{Heap before GC invocations=50 (full 0):
 garbage-first heap   total 222208K, used 196647K [0x0000000080000000, 0x0000000100000000)
  region size 1024K, 67 young (68608K), 3 survivors (3072K)
 Metaspace       used 113589K, committed 115712K, reserved 1179648K
  class space    used 15070K, committed 16192K, reserved 1048576K
}
Event: 39.862 GC heap after
{Heap after GC invocations=51 (full 0):
 garbage-first heap   total 222208K, used 137210K [0x0000000080000000, 0x0000000100000000)
  region size 1024K, 8 young (8192K), 8 survivors (8192K)
 Metaspace       used 113589K, committed 115712K, reserved 1179648K
  class space    used 15070K, committed 16192K, reserved 1048576K
}

Dll operation events (3 events):
Event: 0.033 Loaded shared library C:\Program Files\Android\Android Studio\jbr\bin\java.dll
Event: 0.046 Loaded shared library C:\Program Files\Android\Android Studio\jbr\bin\zip.dll
Event: 2.639 Loaded shared library C:\Program Files\Android\Android Studio\jbr\bin\verify.dll

Deoptimization events (20 events):
Event: 40.498 Thread 0x000002252bbc9e90 Uncommon trap: trap_request=0xffffffbe fr.pc=0x000002251574e81c relative=0x000000000000039c
Event: 40.498 Thread 0x000002252bbc9e90 Uncommon trap: reason=profile_predicate action=maybe_recompile pc=0x000002251574e81c method=java.util.Collections.indexedBinarySearch(Ljava/util/List;Ljava/lang/Object;Ljava/util/Comparator;)I @ 15 c2
Event: 40.498 Thread 0x000002252bbc9e90 DEOPT PACKING pc=0x000002251574e81c sp=0x000000df35afae50
Event: 40.498 Thread 0x000002252bbc9e90 DEOPT UNPACKING pc=0x00000225148e7da2 sp=0x000000df35afae00 mode 2
Event: 40.600 Thread 0x000002252bbc9e90 Uncommon trap: trap_request=0xffffff45 fr.pc=0x00000225155e8c14 relative=0x0000000000000df4
Event: 40.600 Thread 0x000002252bbc9e90 Uncommon trap: reason=unstable_if action=reinterpret pc=0x00000225155e8c14 method=java.io.ObjectOutputStream$ReplaceTable.lookup(Ljava/lang/Object;)Ljava/lang/Object; @ 10 c2
Event: 40.600 Thread 0x000002252bbc9e90 DEOPT PACKING pc=0x00000225155e8c14 sp=0x000000df35afa890
Event: 40.600 Thread 0x000002252bbc9e90 DEOPT UNPACKING pc=0x00000225148e7da2 sp=0x000000df35afa7d0 mode 2
Event: 40.627 Thread 0x000002252bbcc5f0 Uncommon trap: trap_request=0xffffff45 fr.pc=0x000002251534b084 relative=0x00000000000004a4
Event: 40.627 Thread 0x000002252bbcc5f0 Uncommon trap: reason=unstable_if action=reinterpret pc=0x000002251534b084 method=java.io.ObjectStreamClass$FieldReflector.setObjFieldValues(Ljava/lang/Object;[Ljava/lang/Object;Z)V @ 56 c2
Event: 40.627 Thread 0x000002252bbcc5f0 DEOPT PACKING pc=0x000002251534b084 sp=0x000000df367fd570
Event: 40.627 Thread 0x000002252bbcc5f0 DEOPT UNPACKING pc=0x00000225148e7da2 sp=0x000000df367fd518 mode 2
Event: 40.693 Thread 0x000002252bbcc5f0 Uncommon trap: trap_request=0xffffffde fr.pc=0x000002251553b78c relative=0x0000000000000f2c
Event: 40.693 Thread 0x000002252bbcc5f0 Uncommon trap: reason=class_check action=maybe_recompile pc=0x000002251553b78c method=com.google.common.base.Splitter$SplittingIterator.computeNext()Ljava/lang/String; @ 123 c2
Event: 40.693 Thread 0x000002252bbcc5f0 DEOPT PACKING pc=0x000002251553b78c sp=0x000000df367fc5d0
Event: 40.693 Thread 0x000002252bbcc5f0 DEOPT UNPACKING pc=0x00000225148e7da2 sp=0x000000df367fc480 mode 2
Event: 40.693 Thread 0x000002252bbcc5f0 Uncommon trap: trap_request=0xffffffde fr.pc=0x000002251553b78c relative=0x0000000000000f2c
Event: 40.693 Thread 0x000002252bbcc5f0 Uncommon trap: reason=class_check action=maybe_recompile pc=0x000002251553b78c method=com.google.common.base.Splitter$SplittingIterator.computeNext()Ljava/lang/String; @ 123 c2
Event: 40.693 Thread 0x000002252bbcc5f0 DEOPT PACKING pc=0x000002251553b78c sp=0x000000df367fc500
Event: 40.693 Thread 0x000002252bbcc5f0 DEOPT UNPACKING pc=0x00000225148e7da2 sp=0x000000df367fc3b0 mode 2

Classes loaded (20 events):
Event: 37.663 Loading class java/lang/Override
Event: 37.663 Loading class java/lang/Override done
Event: 40.109 Loading class java/util/concurrent/ConcurrentSkipListMap$KeySet
Event: 40.110 Loading class java/util/concurrent/ConcurrentSkipListMap$KeySet done
Event: 40.110 Loading class java/util/concurrent/ConcurrentSkipListMap$KeyIterator
Event: 40.110 Loading class java/util/concurrent/ConcurrentSkipListMap$KeyIterator done
Event: 40.707 Loading class java/util/concurrent/Executors$DelegatedScheduledExecutorService
Event: 40.707 Loading class java/util/concurrent/Executors$DelegatedExecutorService
Event: 40.708 Loading class java/util/concurrent/Executors$DelegatedExecutorService done
Event: 40.708 Loading class java/util/concurrent/Executors$DelegatedScheduledExecutorService done
Event: 40.713 Loading class java/lang/ProcessImpl
Event: 40.714 Loading class java/lang/ProcessImpl done
Event: 40.730 Loading class java/lang/ProcessHandleImpl
Event: 40.731 Loading class java/lang/ProcessHandleImpl done
Event: 40.732 Loading class java/lang/ProcessImpl$2
Event: 40.732 Loading class java/lang/ProcessImpl$2 done
Event: 40.732 Loading class java/lang/Process$PipeInputStream
Event: 40.732 Loading class java/lang/Process$PipeInputStream done
Event: 40.751 Loading class jdk/internal/event/ProcessStartEvent
Event: 40.751 Loading class jdk/internal/event/ProcessStartEvent done

Classes unloaded (0 events):
No events

Classes redefined (0 events):
No events

Internal exceptions (20 events):
Event: 39.033 Thread 0x000002252b2fee90 Exception <a 'sun/nio/fs/WindowsException'{0x000000008beb5d00}> (0x000000008beb5d00) 
thrown [s\src\hotspot\share\prims\jni.cpp, line 535]
Event: 39.773 Thread 0x00000225278c1020 Implicit null exception at 0x0000022514ee8bbd to 0x0000022514ee8c2d
Event: 39.778 Thread 0x000002252bbc7dc0 Exception <a 'sun/nio/fs/WindowsException'{0x0000000088f492e0}> (0x0000000088f492e0) 
thrown [s\src\hotspot\share\prims\jni.cpp, line 535]
Event: 39.779 Thread 0x000002252bbc7dc0 Exception <a 'sun/nio/fs/WindowsException'{0x0000000088f4b2f8}> (0x0000000088f4b2f8) 
thrown [s\src\hotspot\share\prims\jni.cpp, line 535]
Event: 40.037 Thread 0x000002252bbc7dc0 Exception <a 'sun/nio/fs/WindowsException'{0x00000000ffeb0bb0}> (0x00000000ffeb0bb0) 
thrown [s\src\hotspot\share\prims\jni.cpp, line 535]
Event: 40.114 Thread 0x000002252bbc9e90 Exception <a 'java/lang/NoSuchMethodError'{0x000000008c7b34b0}: static Lcom/android/build/gradle/internal/scope/InternalArtifactType;.<clinit>()V> (0x000000008c7b34b0) 
thrown [s\src\hotspot\share\prims\jni.cpp, line 1135]
Event: 40.114 Thread 0x000002252bbc9e90 Exception <a 'java/lang/NoSuchMethodError'{0x000000008c7b4ae0}: static Lcom/android/build/gradle/internal/scope/InternalArtifactType;.<clinit>()V> (0x000000008c7b4ae0) 
thrown [s\src\hotspot\share\prims\jni.cpp, line 1135]
Event: 40.114 Thread 0x000002252bbc9e90 Exception <a 'java/lang/NoSuchMethodError'{0x000000008c7b82c8}: static Lcom/android/build/api/artifact/Artifact$Single;.<clinit>()V> (0x000000008c7b82c8) 
thrown [s\src\hotspot\share\prims\jni.cpp, line 1135]
Event: 40.114 Thread 0x000002252bbc9e90 Exception <a 'java/lang/NoSuchMethodError'{0x000000008c7ba460}: static Ljava/lang/Object;.<clinit>()V> (0x000000008c7ba460) 
thrown [s\src\hotspot\share\prims\jni.cpp, line 1135]
Event: 40.116 Thread 0x000002252bbc9e90 Exception <a 'java/lang/NoSuchMethodError'{0x000000008c7d3a38}: static Lcom/android/build/api/artifact/ArtifactKind;.<clinit>()V> (0x000000008c7d3a38) 
thrown [s\src\hotspot\share\prims\jni.cpp, line 1135]
Event: 40.117 Thread 0x000002252bbc9e90 Exception <a 'java/lang/NoSuchMethodError'{0x000000008c7d4c40}: static Lcom/android/build/api/artifact/ArtifactKind;.<clinit>()V> (0x000000008c7d4c40) 
thrown [s\src\hotspot\share\prims\jni.cpp, line 1135]
Event: 40.599 Thread 0x000002252bbc9e90 Exception <a 'java/lang/NoSuchMethodError'{0x000000008a1715c0}: static Lcom/android/builder/internal/aapt/AaptOptions;.<clinit>()V> (0x000000008a1715c0) 
thrown [s\src\hotspot\share\prims\jni.cpp, line 1135]
Event: 40.616 Thread 0x000002252bbc9e90 Exception <a 'java/lang/NoSuchMethodError'{0x000000008a186d10}: static Ljava/lang/Object;.<clinit>()V> (0x000000008a186d10) 
thrown [s\src\hotspot\share\prims\jni.cpp, line 1135]
Event: 40.618 Thread 0x000002252bbc9e90 Exception <a 'java/lang/NoSuchMethodError'{0x000000008a1a3e50}: static Lcom/android/build/api/variant/impl/SerializableApplicationMultiOutputHandler;.<clinit>()V> (0x000000008a1a3e50) 
thrown [s\src\hotspot\share\prims\jni.cpp, line 1135]
Event: 40.619 Thread 0x000002252bbc9e90 Exception <a 'java/lang/NoSuchMethodError'{0x000000008a1ba168}: static Lcom/android/build/api/variant/impl/VariantOutputImpl$SerializedForm;.<clinit>()V> (0x000000008a1ba168) 
thrown [s\src\hotspot\share\prims\jni.cpp, line 1135]
Event: 40.620 Thread 0x000002252bbc9e90 Exception <a 'java/lang/NoSuchMethodError'{0x000000008a1cf330}: static Lcom/android/build/api/variant/impl/VariantOutputConfigurationImpl;.<clinit>()V> (0x000000008a1cf330) 
thrown [s\src\hotspot\share\prims\jni.cpp, line 1135]
Event: 40.640 Thread 0x000002252bbcc5f0 Exception <a 'sun/nio/fs/WindowsException'{0x0000000089f7e438}> (0x0000000089f7e438) 
thrown [s\src\hotspot\share\prims\jni.cpp, line 535]
Event: 40.641 Thread 0x000002252bbcc5f0 Exception <a 'sun/nio/fs/WindowsException'{0x0000000089f7f040}> (0x0000000089f7f040) 
thrown [s\src\hotspot\share\prims\jni.cpp, line 535]
Event: 40.729 Thread 0x000002252bbcc5f0 Exception <a 'java/lang/NoSuchMethodError'{0x0000000089c53518}: 'void java.lang.invoke.DirectMethodHandle$Holder.invokeStatic(java.lang.Object, long)'> (0x0000000089c53518) 
thrown [s\src\hotspot\share\interpreter\linkResolver.cpp, line 784]
Event: 40.732 Thread 0x000002252bbcc5f0 Exception <a 'java/lang/NoSuchMethodError'{0x0000000089c5d8a0}: 'java.lang.Object java.lang.invoke.DirectMethodHandle$Holder.invokeStaticInit(java.lang.Object, long, java.lang.Object)'> (0x0000000089c5d8a0) 
thrown [s\src\hotspot\share\interpreter\linkResolver.cpp, line 784]

ZGC Phase Switch (0 events):
No events

VM Operations (20 events):
Event: 37.827 Executing VM operation: Cleanup
Event: 37.842 Executing VM operation: Cleanup done
Event: 38.196 Executing VM operation: G1CollectForAllocation (G1 Evacuation Pause)
Event: 38.206 Executing VM operation: G1CollectForAllocation (G1 Evacuation Pause) done
Event: 38.897 Executing VM operation: HandshakeAllThreads (Deoptimize)
Event: 38.900 Executing VM operation: HandshakeAllThreads (Deoptimize) done
Event: 39.234 Executing VM operation: ICBufferFull
Event: 39.234 Executing VM operation: ICBufferFull done
Event: 39.855 Executing VM operation: G1CollectForAllocation (G1 Evacuation Pause)
Event: 39.862 Executing VM operation: G1CollectForAllocation (G1 Evacuation Pause) done
Event: 40.490 Executing VM operation: HandshakeAllThreads (Deoptimize)
Event: 40.491 Executing VM operation: HandshakeAllThreads (Deoptimize) done
Event: 40.563 Executing VM operation: ICBufferFull
Event: 40.564 Executing VM operation: ICBufferFull done
Event: 40.696 Executing VM operation: HandshakeAllThreads (Deoptimize)
Event: 40.696 Executing VM operation: HandshakeAllThreads (Deoptimize) done
Event: 40.734 Executing VM operation: HandshakeAllThreads (Deoptimize)
Event: 40.735 Executing VM operation: HandshakeAllThreads (Deoptimize) done
Event: 41.742 Executing VM operation: Cleanup
Event: 41.742 Executing VM operation: Cleanup done

Memory protections (0 events):
No events

Nmethod flushes (20 events):
Event: 34.176 Thread 0x000002252168b640 flushing  nmethod 0x000002250dd1fc90
Event: 34.176 Thread 0x000002252168b640 flushing  nmethod 0x000002250dda0390
Event: 34.176 Thread 0x000002252168b640 flushing  nmethod 0x000002250ddad090
Event: 34.176 Thread 0x000002252168b640 flushing  nmethod 0x000002250ddadf10
Event: 34.176 Thread 0x000002252168b640 flushing  nmethod 0x000002250ddaf690
Event: 34.176 Thread 0x000002252168b640 flushing  nmethod 0x000002250ddd7510
Event: 34.176 Thread 0x000002252168b640 flushing  nmethod 0x000002250de1ae90
Event: 34.176 Thread 0x000002252168b640 flushing  nmethod 0x000002250de80890
Event: 34.176 Thread 0x000002252168b640 flushing  nmethod 0x000002250de8ee10
Event: 34.176 Thread 0x000002252168b640 flushing  nmethod 0x000002250dec2b10
Event: 34.176 Thread 0x000002252168b640 flushing  nmethod 0x000002250df0cf90
Event: 34.176 Thread 0x000002252168b640 flushing  nmethod 0x000002250df16310
Event: 34.176 Thread 0x000002252168b640 flushing  nmethod 0x000002250dfddc90
Event: 34.176 Thread 0x000002252168b640 flushing  nmethod 0x000002250e075590
Event: 34.176 Thread 0x000002252168b640 flushing  nmethod 0x000002250e2bba90
Event: 34.176 Thread 0x000002252168b640 flushing  nmethod 0x000002250e2c4190
Event: 34.176 Thread 0x000002252168b640 flushing  nmethod 0x000002250e2cad10
Event: 34.176 Thread 0x000002252168b640 flushing  nmethod 0x000002250e2d1a10
Event: 34.176 Thread 0x000002252168b640 flushing  nmethod 0x000002250e49fd10
Event: 34.176 Thread 0x000002252168b640 flushing  nmethod 0x000002250e4ba310

Events (20 events):
Event: 38.934 Thread 0x000002252b2fee90 Thread added: 0x0000022530367050
Event: 38.935 Thread 0x000002252b2fee90 Thread added: 0x0000022530365ca0
Event: 39.072 Thread 0x000002252b2fee90 Thread added: 0x0000022530367d70
Event: 39.073 Thread 0x000002252b2fee90 Thread added: 0x0000022530368400
Event: 39.073 Thread 0x000002252b2fee90 Thread added: 0x00000225303697b0
Event: 39.133 Thread 0x000002252184fc20 Thread added: 0x0000022529841870
Event: 39.296 Thread 0x000002252bbc7dc0 Thread added: 0x0000022530366330
Event: 39.296 Thread 0x000002252bbc7dc0 Thread added: 0x000002253036b880
Event: 39.296 Thread 0x000002252bbc7dc0 Thread added: 0x0000022530369120
Event: 39.532 Thread 0x000002252bbc7dc0 Thread added: 0x0000022530369e40
Event: 39.533 Thread 0x000002252bbc7dc0 Thread added: 0x000002253036ab60
Event: 39.533 Thread 0x000002252bbc7dc0 Thread added: 0x000002253036bf10
Event: 39.785 Thread 0x000002252bbc7dc0 Thread added: 0x000002253036a4d0
Event: 39.785 Thread 0x000002252bbc7dc0 Thread added: 0x0000022530368a90
Event: 39.785 Thread 0x000002252bbc7dc0 Thread added: 0x000002253036b1f0
Event: 40.135 Thread 0x000002252bbc9e90 Thread added: 0x000002253036c5a0
Event: 40.709 Thread 0x000002252bbcc5f0 Thread added: 0x000002252bbc8450
Event: 40.758 Thread 0x000002252bbcc5f0 Thread added: 0x000002252bbce6c0
Event: 40.758 Thread 0x000002252bbcc5f0 Thread added: 0x00000225302f0380
Event: 40.871 Thread 0x0000022529841870 Thread exited: 0x0000022529841870


Dynamic libraries:
0x00007ff6135e0000 - 0x00007ff6135ea000 	C:\Program Files\Android\Android Studio\jbr\bin\java.exe
0x00007ffb7f380000 - 0x00007ffb7f5e0000 	C:\WINDOWS\SYSTEM32\ntdll.dll
0x00007ffb7e510000 - 0x00007ffb7e5d7000 	C:\WINDOWS\System32\KERNEL32.DLL
0x00007ffb7ca30000 - 0x00007ffb7cdfa000 	C:\WINDOWS\System32\KERNELBASE.dll
0x00007ffb7c7a0000 - 0x00007ffb7c8eb000 	C:\WINDOWS\System32\ucrtbase.dll
0x00007ffb52490000 - 0x00007ffb524a8000 	C:\Program Files\Android\Android Studio\jbr\bin\jli.dll
0x00007ffb483b0000 - 0x00007ffb483cb000 	C:\Program Files\Android\Android Studio\jbr\bin\VCRUNTIME140.dll
0x00007ffb7d420000 - 0x00007ffb7d5ec000 	C:\WINDOWS\System32\USER32.dll
0x00007ffb7ce00000 - 0x00007ffb7ce27000 	C:\WINDOWS\System32\win32u.dll
0x00007ffb7efb0000 - 0x00007ffb7efda000 	C:\WINDOWS\System32\GDI32.dll
0x00007ffb65fd0000 - 0x00007ffb66267000 	C:\WINDOWS\WinSxS\amd64_microsoft.windows.common-controls_6595b64144ccf1df_6.0.26100.3624_none_3e086962e3345f24\COMCTL32.dll
0x00007ffb7c8f0000 - 0x00007ffb7ca21000 	C:\WINDOWS\System32\gdi32full.dll
0x00007ffb7de90000 - 0x00007ffb7df39000 	C:\WINDOWS\System32\msvcrt.dll
0x00007ffb7d030000 - 0x00007ffb7d0d3000 	C:\WINDOWS\System32\msvcp_win.dll
0x00007ffb7d360000 - 0x00007ffb7d38f000 	C:\WINDOWS\System32\IMM32.DLL
0x00007ffb65f50000 - 0x00007ffb65f5c000 	C:\Program Files\Android\Android Studio\jbr\bin\vcruntime140_1.dll
0x00007ffb209b0000 - 0x00007ffb20a3d000 	C:\Program Files\Android\Android Studio\jbr\bin\msvcp140.dll
0x00007ffb23d30000 - 0x00007ffb249ba000 	C:\Program Files\Android\Android Studio\jbr\bin\server\jvm.dll
0x00007ffb7e740000 - 0x00007ffb7e7f2000 	C:\WINDOWS\System32\ADVAPI32.dll
0x00007ffb7dd60000 - 0x00007ffb7de06000 	C:\WINDOWS\System32\sechost.dll
0x00007ffb7d980000 - 0x00007ffb7da96000 	C:\WINDOWS\System32\RPCRT4.dll
0x00007ffb7e800000 - 0x00007ffb7e874000 	C:\WINDOWS\System32\WS2_32.dll
0x00007ffb7c3d0000 - 0x00007ffb7c42e000 	C:\WINDOWS\SYSTEM32\POWRPROF.dll
0x00007ffb651a0000 - 0x00007ffb651d6000 	C:\WINDOWS\SYSTEM32\WINMM.dll
0x00007ffb6a780000 - 0x00007ffb6a78b000 	C:\WINDOWS\SYSTEM32\VERSION.dll
0x00007ffb7c3b0000 - 0x00007ffb7c3c4000 	C:\WINDOWS\SYSTEM32\UMPDC.dll
0x00007ffb7b370000 - 0x00007ffb7b38a000 	C:\WINDOWS\SYSTEM32\kernel.appcore.dll
0x00007ffb651e0000 - 0x00007ffb651ea000 	C:\Program Files\Android\Android Studio\jbr\bin\jimage.dll
0x00007ffb79d50000 - 0x00007ffb79f91000 	C:\WINDOWS\SYSTEM32\DBGHELP.DLL
0x00007ffb7d5f0000 - 0x00007ffb7d972000 	C:\WINDOWS\System32\combase.dll
0x00007ffb7efe0000 - 0x00007ffb7f0b6000 	C:\WINDOWS\System32\OLEAUT32.dll
0x00007ffb5a300000 - 0x00007ffb5a339000 	C:\WINDOWS\SYSTEM32\dbgcore.DLL
0x00007ffb7d0e0000 - 0x00007ffb7d179000 	C:\WINDOWS\System32\bcryptPrimitives.dll
0x00007ffb561e0000 - 0x00007ffb561ee000 	C:\Program Files\Android\Android Studio\jbr\bin\instrument.dll
0x00007ffb47fd0000 - 0x00007ffb47ff0000 	C:\Program Files\Android\Android Studio\jbr\bin\java.dll
0x00007ffb47c30000 - 0x00007ffb47c48000 	C:\Program Files\Android\Android Studio\jbr\bin\zip.dll
0x00007ffb7e880000 - 0x00007ffb7efa9000 	C:\WINDOWS\System32\SHELL32.dll
0x00007ffb7cec0000 - 0x00007ffb7d028000 	C:\WINDOWS\System32\wintypes.dll
0x00007ffb7a240000 - 0x00007ffb7aa92000 	C:\WINDOWS\SYSTEM32\windows.storage.dll
0x00007ffb7dc50000 - 0x00007ffb7dd3d000 	C:\WINDOWS\System32\SHCORE.dll
0x00007ffb7d3b0000 - 0x00007ffb7d414000 	C:\WINDOWS\System32\shlwapi.dll
0x00007ffb7c470000 - 0x00007ffb7c49f000 	C:\WINDOWS\SYSTEM32\profapi.dll
0x00007ffb64740000 - 0x00007ffb64750000 	C:\Program Files\Android\Android Studio\jbr\bin\net.dll
0x00007ffb6ecc0000 - 0x00007ffb6eddd000 	C:\WINDOWS\SYSTEM32\WINHTTP.dll
0x00007ffb7b890000 - 0x00007ffb7b8fa000 	C:\WINDOWS\system32\mswsock.dll
0x00007ffb461b0000 - 0x00007ffb461c6000 	C:\Program Files\Android\Android Studio\jbr\bin\nio.dll
0x00007ffb4ff20000 - 0x00007ffb4ff30000 	C:\Program Files\Android\Android Studio\jbr\bin\verify.dll
0x00007ffb561f0000 - 0x00007ffb56217000 	C:\Users\jaysh\.gradle\native\c067742578af261105cb4f569cf0c3c89f3d7b1fecec35dd04571415982c5e48\windows-amd64\native-platform.dll
0x00007ffb45d90000 - 0x00007ffb45ed4000 	C:\Users\jaysh\.gradle\native\100fb08df4bc3b14c8652ba06237920a3bd2aa13389f12d3474272988ae205f9\windows-amd64\native-platform-file-events.dll
0x00007ffb5b860000 - 0x00007ffb5b869000 	C:\Program Files\Android\Android Studio\jbr\bin\management.dll
0x00007ffb523f0000 - 0x00007ffb523fb000 	C:\Program Files\Android\Android Studio\jbr\bin\management_ext.dll
0x00007ffb7e410000 - 0x00007ffb7e418000 	C:\WINDOWS\System32\PSAPI.DLL
0x00007ffb7bb30000 - 0x00007ffb7bb4c000 	C:\WINDOWS\SYSTEM32\CRYPTSP.dll
0x00007ffb7b2d0000 - 0x00007ffb7b30a000 	C:\WINDOWS\system32\rsaenh.dll
0x00007ffb7b930000 - 0x00007ffb7b95b000 	C:\WINDOWS\SYSTEM32\USERENV.dll
0x00007ffb7c440000 - 0x00007ffb7c466000 	C:\WINDOWS\SYSTEM32\bcrypt.dll
0x00007ffb7bb50000 - 0x00007ffb7bb5c000 	C:\WINDOWS\SYSTEM32\CRYPTBASE.dll
0x00007ffb7adf0000 - 0x00007ffb7ae23000 	C:\WINDOWS\SYSTEM32\IPHLPAPI.DLL
0x00007ffb7d3a0000 - 0x00007ffb7d3aa000 	C:\WINDOWS\System32\NSI.dll
0x00007ffb64150000 - 0x00007ffb64159000 	C:\Program Files\Android\Android Studio\jbr\bin\extnet.dll
0x00007ffb6e0b0000 - 0x00007ffb6e0b8000 	C:\WINDOWS\system32\wshunix.dll
0x00007ffb7b490000 - 0x00007ffb7b4c5000 	C:\WINDOWS\SYSTEM32\ntmarta.dll

dbghelp: loaded successfully - version: 4.0.5 - missing functions: none
symbol engine: initialized successfully - sym options: 0x614 - pdb path: .;C:\Program Files\Android\Android Studio\jbr\bin;C:\WINDOWS\SYSTEM32;C:\WINDOWS\WinSxS\amd64_microsoft.windows.common-controls_6595b64144ccf1df_6.0.26100.3624_none_3e086962e3345f24;C:\Program Files\Android\Android Studio\jbr\bin\server;C:\Users\jaysh\.gradle\native\c067742578af261105cb4f569cf0c3c89f3d7b1fecec35dd04571415982c5e48\windows-amd64;C:\Users\jaysh\.gradle\native\100fb08df4bc3b14c8652ba06237920a3bd2aa13389f12d3474272988ae205f9\windows-amd64

VM Arguments:
jvm_args: --add-opens=java.base/java.util=ALL-UNNAMED --add-opens=java.base/java.lang=ALL-UNNAMED --add-opens=java.base/java.lang.invoke=ALL-UNNAMED --add-opens=java.prefs/java.util.prefs=ALL-UNNAMED --add-exports=jdk.compiler/com.sun.tools.javac.api=ALL-UNNAMED --add-exports=jdk.compiler/com.sun.tools.javac.util=ALL-UNNAMED --add-opens=java.base/java.nio.charset=ALL-UNNAMED --add-opens=java.base/java.net=ALL-UNNAMED --add-opens=java.base/java.util.concurrent.atomic=ALL-UNNAMED -Xmx2048m -Dfile.encoding=UTF-8 -Duser.country=IN -Duser.language=en -Duser.variant -javaagent:C:\Users\jaysh\.gradle\wrapper\dists\gradle-8.10.2-bin\a04bxjujx95o3nb99gddekhwo\gradle-8.10.2\lib\agents\gradle-instrumentation-agent-8.10.2.jar 
java_command: org.gradle.launcher.daemon.bootstrap.GradleDaemon 8.10.2
java_class_path (initial): C:\Users\jaysh\.gradle\wrapper\dists\gradle-8.10.2-bin\a04bxjujx95o3nb99gddekhwo\gradle-8.10.2\lib\gradle-daemon-main-8.10.2.jar
Launcher Type: SUN_STANDARD

[Global flags]
     intx CICompilerCount                          = 3                                         {product} {ergonomic}
     uint ConcGCThreads                            = 1                                         {product} {ergonomic}
     uint G1ConcRefinementThreads                  = 4                                         {product} {ergonomic}
   size_t G1HeapRegionSize                         = 1048576                                   {product} {ergonomic}
    uintx GCDrainStackTargetSize                   = 64                                        {product} {ergonomic}
   size_t InitialHeapSize                          = 130023424                                 {product} {ergonomic}
   size_t MarkStackSize                            = 4194304                                   {product} {ergonomic}
   size_t MaxHeapSize                              = 2147483648                                {product} {command line}
   size_t MaxNewSize                               = 1287651328                                {product} {ergonomic}
   size_t MinHeapDeltaBytes                        = 1048576                                   {product} {ergonomic}
   size_t MinHeapSize                              = 8388608                                   {product} {ergonomic}
    uintx NonNMethodCodeHeapSize                   = 5832780                                {pd product} {ergonomic}
    uintx NonProfiledCodeHeapSize                  = 122912730                              {pd product} {ergonomic}
    uintx ProfiledCodeHeapSize                     = 122912730                              {pd product} {ergonomic}
    uintx ReservedCodeCacheSize                    = 251658240                              {pd product} {ergonomic}
     bool SegmentedCodeCache                       = true                                      {product} {ergonomic}
   size_t SoftMaxHeapSize                          = 2147483648                             {manageable} {ergonomic}
     bool UseCompressedOops                        = true                           {product lp64_product} {ergonomic}
     bool UseG1GC                                  = true                                      {product} {ergonomic}
     bool UseLargePagesIndividualAllocation        = false                                  {pd product} {ergonomic}

Logging:
Log output configuration:
 #0: stdout all=warning uptime,level,tags foldmultilines=false
 #1: stderr all=off uptime,level,tags foldmultilines=false

Environment Variables:
JAVA_HOME=C:\Program Files\Java\jdk-11
PATH=C:\Users\jaysh\AppData\Local\Programs\Python\Python311\python.exe;C:\Users\jaysh\AppData\Local\Programs\Python\Python311\Scripts;C:\Program Files\dotnet\;C:\Program Files\Git\cmd;C:\Users\jaysh\AppData\Local\Programs\Python\Python313\Scripts\;C:\Users\jaysh\AppData\Local\Programs\Python\Python313\; C:\Users\jaysh\AppData\Local\Programs\Python\Python311\Scripts\;;C:\Users\jaysh\AppData\Local\Programs\Python\Python311\Scripts" /M
USERNAME=jaysh
OS=Windows_NT
PROCESSOR_IDENTIFIER=Intel64 Family 6 Model 126 Stepping 5, GenuineIntel
TMP=C:\Users\jaysh\AppData\Local\Temp
TEMP=C:\Users\jaysh\AppData\Local\Temp




Periodic native trim disabled

JNI global refs:
JNI global refs: 25, weak refs: 1

JNI global refs memory usage: 835, weak refs: 833

Process memory usage:
Resident Set Size: 400128K (4% of 8124792K total physical memory with 345792K free physical memory)

OOME stack traces (most recent first):
Classloader memory used:
Loader org.gradle.internal.classloader.VisitableURLClassLoader                         : 41282K
Loader org.gradle.internal.classloader.VisitableURLClassLoader$InstrumentingVisitableURLClassLoader: 31650K
Loader bootstrap                                                                       : 28825K
Loader org.gradle.initialization.MixInLegacyTypesClassLoader                           : 11325K
Loader jdk.internal.loader.ClassLoaders$PlatformClassLoader                            : 546K
Loader jdk.internal.reflect.DelegatingClassLoader                                      : 400K
Loader jdk.internal.loader.ClassLoaders$AppClassLoader                                 : 234K
Loader org.gradle.groovy.scripts.internal.DefaultScriptCompilationHandler$ScriptClassLoader: 143K
Loader org.gradle.internal.classloader.VisitableURLClassLoader                         : 33904B
Loader org.codehaus.groovy.runtime.callsite.CallSiteClassLoader                        : 9488B


[error occurred during error reporting (Classloader stats), id 0xe0000001, Out of Memory Error (s\src\hotspot\share\memory\arena.cpp:168)]
---------------  S Y S T E M  ---------------

OS:
 Windows 11 , 64 bit Build 26100 (10.0.26100.3775)
OS uptime: 0 days 0:41 hours

CPU: total 4 (initial active 4) (2 cores per cpu, 2 threads per core) family 6 model 126 stepping 5 microcode 0xa6, cx8, cmov, fxsr, ht, mmx, 3dnowpref, sse, sse2, sse3, ssse3, sse4.1, sse4.2, popcnt, lzcnt, tsc, tscinvbit, avx, avx2, aes, erms, clmul, bmi1, bmi2, adx, avx512f, avx512dq, avx512cd, avx512bw, avx512vl, sha, fma, vzeroupper, avx512_vpopcntdq, avx512_vpclmulqdq, avx512_vaes, avx512_vnni, clflush, clflushopt, avx512_vbmi2, avx512_vbmi, rdtscp, rdpid, fsrm, gfni, avx512_bitalg, f16c, pku, avx512_ifma
Processor Information for processor 0
  Max Mhz: 1190, Current Mhz: 1190, Mhz Limit: 1190
Processor Information for processor 1
  Max Mhz: 1190, Current Mhz: 1190, Mhz Limit: 1190
Processor Information for processor 2
  Max Mhz: 1190, Current Mhz: 991, Mhz Limit: 1190
Processor Information for processor 3
  Max Mhz: 1190, Current Mhz: 1190, Mhz Limit: 1190

Memory: 4k page, system-wide physical 7934M (324M free)
TotalPageFile size 16126M (AvailPageFile size 0M)
current process WorkingSet (physical memory assigned to process): 392M, peak: 445M
current process commit charge ("private bytes"): 524M, peak: 546M

vm_info: OpenJDK 64-Bit Server VM (21.0.5+-13047016-b750.29) for windows-amd64 JRE (21.0.5+-13047016-b750.29), built on 2025-02-11T21:12:39Z by "builder" with MS VC++ 16.10 / 16.11 (VS2019)

END.
